[ 2017-10-06T05:39:05+08:00 ] 106.11.225.140 /
INFO: [ app_init ] --START--
INFO: Run Behavior\BuildLiteBehavior [ RunTime:0.000012s ]
INFO: [ app_init ] --END-- [ RunTime:0.000711s ]
INFO: [ app_begin ] --START--
INFO: Run Behavior\ReadHtmlCacheBehavior [ RunTime:0.000971s ]
INFO: [ app_begin ] --END-- [ RunTime:0.001007s ]
SQL: SHOW COLUMNS FROM `dd_config` [ RunTime:0.0229s ]
SQL: SELECT * FROM `dd_config`  [ RunTime:0.0019s ]
SQL: SHOW COLUMNS FROM `dd_land` [ RunTime:0.0217s ]
SQL: SELECT dd_land.id land_id,dd_user_plant.* FROM `dd_land` INNER JOIN dd_user_plant on dd_land.plant_id = dd_user_plant.id  WHERE dd_land.plant_id > 0 AND dd_user_plant.life_time < 1507239545  [ RunTime:0.0129s ]
NOTIC: [8] Undefined index: mid C:\www\WWW\xbsz\Application\Home\Controller\HomeController.class.php 第 22 行.

[ 2017-10-06T05:39:06+08:00 ] 106.11.225.140 /index.php?m=&c=Public&a=login
INFO: [ app_init ] --START--
INFO: Run Behavior\BuildLiteBehavior [ RunTime:0.000007s ]
INFO: [ app_init ] --END-- [ RunTime:0.000048s ]
INFO: [ app_begin ] --START--
INFO: Run Behavior\ReadHtmlCacheBehavior [ RunTime:0.000085s ]
INFO: [ app_begin ] --END-- [ RunTime:0.000112s ]
SQL: SHOW COLUMNS FROM `dd_config` [ RunTime:0.0010s ]
SQL: SELECT * FROM `dd_config`  [ RunTime:0.0002s ]
SQL: SHOW COLUMNS FROM `dd_land` [ RunTime:0.0011s ]
SQL: SELECT dd_land.id land_id,dd_user_plant.* FROM `dd_land` INNER JOIN dd_user_plant on dd_land.plant_id = dd_user_plant.id  WHERE dd_land.plant_id > 0 AND dd_user_plant.life_time < 1507239545  [ RunTime:0.0002s ]
NOTIC: [8] Undefined index: mid C:\www\WWW\xbsz\Application\Home\Controller\HomeController.class.php 第 22 行.
NOTIC: [2] Missing argument 2 for Common\Util\ddwechat::setParam(), called in C:\www\WWW\xbsz\Application\Home\Controller\HomeController.class.php on line 285 and defined C:\www\WWW\xbsz\Application\Common\Util\ddwechat.class.php 第 115 行.
INFO: [ view_parse ] --START--
INFO: [ template_filter ] --START--
INFO: Run Behavior\ContentReplaceBehavior [ RunTime:0.000043s ]
INFO: [ template_filter ] --END-- [ RunTime:0.000078s ]
NOTIC: [8] Undefined variable: param C:\www\WWW\xbsz\Application\Runtime\Cache\Home\ddaf032eeb3f0e441c9409c65fc90ee1.php 第 231 行.
NOTIC: [8] Undefined variable: param C:\www\WWW\xbsz\Application\Runtime\Cache\Home\ddaf032eeb3f0e441c9409c65fc90ee1.php 第 234 行.
NOTIC: [8] Undefined variable: param C:\www\WWW\xbsz\Application\Runtime\Cache\Home\ddaf032eeb3f0e441c9409c65fc90ee1.php 第 237 行.
NOTIC: [8] Undefined variable: param C:\www\WWW\xbsz\Application\Runtime\Cache\Home\ddaf032eeb3f0e441c9409c65fc90ee1.php 第 240 行.
NOTIC: [8] Undefined variable: param C:\www\WWW\xbsz\Application\Runtime\Cache\Home\ddaf032eeb3f0e441c9409c65fc90ee1.php 第 246 行.
INFO: Run Behavior\ParseTemplateBehavior [ RunTime:0.029856s ]
INFO: [ view_parse ] --END-- [ RunTime:0.029890s ]
INFO: [ view_filter ] --START--
INFO: Run Behavior\WriteHtmlCacheBehavior [ RunTime:0.000685s ]
INFO: [ view_filter ] --END-- [ RunTime:0.000714s ]
INFO: [ app_end ] --START--
INFO: Run Behavior\ShowPageTraceBehavior [ RunTime:0.016141s ]
INFO: [ app_end ] --END-- [ RunTime:0.016175s ]

[ 2017-10-06T05:52:44+08:00 ] 106.11.227.150 /
INFO: [ app_init ] --START--
INFO: Run Behavior\BuildLiteBehavior [ RunTime:0.000012s ]
INFO: [ app_init ] --END-- [ RunTime:0.000404s ]
INFO: [ app_begin ] --START--
INFO: Run Behavior\ReadHtmlCacheBehavior [ RunTime:0.000539s ]
INFO: [ app_begin ] --END-- [ RunTime:0.000572s ]
SQL: SHOW COLUMNS FROM `dd_config` [ RunTime:0.0011s ]
SQL: SELECT * FROM `dd_config`  [ RunTime:0.0002s ]
SQL: SHOW COLUMNS FROM `dd_land` [ RunTime:0.0011s ]
SQL: SELECT dd_land.id land_id,dd_user_plant.* FROM `dd_land` INNER JOIN dd_user_plant on dd_land.plant_id = dd_user_plant.id  WHERE dd_land.plant_id > 0 AND dd_user_plant.life_time < 1507240364  [ RunTime:0.0002s ]
NOTIC: [8] Undefined index: mid C:\www\WWW\xbsz\Application\Home\Controller\HomeController.class.php 第 22 行.

[ 2017-10-06T05:52:44+08:00 ] 106.11.227.150 /index.php?m=&c=Public&a=login
INFO: [ app_init ] --START--
INFO: Run Behavior\BuildLiteBehavior [ RunTime:0.000008s ]
INFO: [ app_init ] --END-- [ RunTime:0.000050s ]
INFO: [ app_begin ] --START--
INFO: Run Behavior\ReadHtmlCacheBehavior [ RunTime:0.000041s ]
INFO: [ app_begin ] --END-- [ RunTime:0.000066s ]
SQL: SHOW COLUMNS FROM `dd_config` [ RunTime:0.0012s ]
SQL: SELECT * FROM `dd_config`  [ RunTime:0.0002s ]
SQL: SHOW COLUMNS FROM `dd_land` [ RunTime:0.0011s ]
SQL: SELECT dd_land.id land_id,dd_user_plant.* FROM `dd_land` INNER JOIN dd_user_plant on dd_land.plant_id = dd_user_plant.id  WHERE dd_land.plant_id > 0 AND dd_user_plant.life_time < 1507240364  [ RunTime:0.0002s ]
NOTIC: [8] Undefined index: mid C:\www\WWW\xbsz\Application\Home\Controller\HomeController.class.php 第 22 行.
NOTIC: [2] Missing argument 2 for Common\Util\ddwechat::setParam(), called in C:\www\WWW\xbsz\Application\Home\Controller\HomeController.class.php on line 285 and defined C:\www\WWW\xbsz\Application\Common\Util\ddwechat.class.php 第 115 行.
INFO: [ view_parse ] --START--
INFO: [ template_filter ] --START--
INFO: Run Behavior\ContentReplaceBehavior [ RunTime:0.000042s ]
INFO: [ template_filter ] --END-- [ RunTime:0.000071s ]
NOTIC: [8] Undefined variable: param C:\www\WWW\xbsz\Application\Runtime\Cache\Home\ddaf032eeb3f0e441c9409c65fc90ee1.php 第 231 行.
NOTIC: [8] Undefined variable: param C:\www\WWW\xbsz\Application\Runtime\Cache\Home\ddaf032eeb3f0e441c9409c65fc90ee1.php 第 234 行.
NOTIC: [8] Undefined variable: param C:\www\WWW\xbsz\Application\Runtime\Cache\Home\ddaf032eeb3f0e441c9409c65fc90ee1.php 第 237 行.
NOTIC: [8] Undefined variable: param C:\www\WWW\xbsz\Application\Runtime\Cache\Home\ddaf032eeb3f0e441c9409c65fc90ee1.php 第 240 行.
NOTIC: [8] Undefined variable: param C:\www\WWW\xbsz\Application\Runtime\Cache\Home\ddaf032eeb3f0e441c9409c65fc90ee1.php 第 246 行.
INFO: Run Behavior\ParseTemplateBehavior [ RunTime:0.007030s ]
INFO: [ view_parse ] --END-- [ RunTime:0.007058s ]
INFO: [ view_filter ] --START--
INFO: Run Behavior\WriteHtmlCacheBehavior [ RunTime:0.000256s ]
INFO: [ view_filter ] --END-- [ RunTime:0.000324s ]
INFO: [ app_end ] --START--
INFO: Run Behavior\ShowPageTraceBehavior [ RunTime:0.000665s ]
INFO: [ app_end ] --END-- [ RunTime:0.000692s ]

[ 2017-10-06T19:18:43+08:00 ] 1.83.3.184 /index.php?mid=1&from=qrcode
INFO: [ app_init ] --START--
INFO: Run Behavior\BuildLiteBehavior [ RunTime:0.000012s ]
INFO: [ app_init ] --END-- [ RunTime:0.000641s ]
INFO: [ app_begin ] --START--
INFO: Run Behavior\ReadHtmlCacheBehavior [ RunTime:0.000733s ]
INFO: [ app_begin ] --END-- [ RunTime:0.000766s ]
SQL: SHOW COLUMNS FROM `dd_config` [ RunTime:0.0149s ]
SQL: SELECT * FROM `dd_config`  [ RunTime:0.0004s ]
SQL: SHOW COLUMNS FROM `dd_land` [ RunTime:0.0018s ]
SQL: SELECT dd_land.id land_id,dd_user_plant.* FROM `dd_land` INNER JOIN dd_user_plant on dd_land.plant_id = dd_user_plant.id  WHERE dd_land.plant_id > 0 AND dd_user_plant.life_time < 1507288723  [ RunTime:0.0010s ]

[ 2017-10-06T21:22:48+08:00 ] 39.187.91.126 /index.php?mid=1&from=qrcode
INFO: [ app_init ] --START--
INFO: Run Behavior\BuildLiteBehavior [ RunTime:0.000009s ]
INFO: [ app_init ] --END-- [ RunTime:0.000420s ]
INFO: [ app_begin ] --START--
INFO: Run Behavior\ReadHtmlCacheBehavior [ RunTime:0.000534s ]
INFO: [ app_begin ] --END-- [ RunTime:0.000567s ]
SQL: SHOW COLUMNS FROM `dd_config` [ RunTime:0.0012s ]
SQL: SELECT * FROM `dd_config`  [ RunTime:0.0002s ]
SQL: SHOW COLUMNS FROM `dd_land` [ RunTime:0.0013s ]
SQL: SELECT dd_land.id land_id,dd_user_plant.* FROM `dd_land` INNER JOIN dd_user_plant on dd_land.plant_id = dd_user_plant.id  WHERE dd_land.plant_id > 0 AND dd_user_plant.life_time < 1507296168  [ RunTime:0.0004s ]

