[ 2019-08-20T09:48:24+08:00 ] 127.0.0.1 /
INFO: [ app_init ] --START--
INFO: Run Behavior\BuildLiteBehavior [ RunTime:0.000006s ]
INFO: [ app_init ] --END-- [ RunTime:0.000217s ]
INFO: [ app_begin ] --START--
INFO: Run Behavior\ReadHtmlCacheBehavior [ RunTime:0.000282s ]
INFO: [ app_begin ] --END-- [ RunTime:0.000307s ]
SQL: SHOW COLUMNS FROM `dd_config` [ RunTime:0.0008s ]
SQL: SELECT * FROM `dd_config`  [ RunTime:0.0010s ]
SQL: SHOW COLUMNS FROM `dd_land` [ RunTime:0.0008s ]
SQL: SELECT dd_land.id land_id,dd_user_plant.* FROM `dd_land` INNER JOIN dd_user_plant on dd_land.plant_id = dd_user_plant.id  WHERE dd_land.plant_id > 0 AND dd_user_plant.life_time < 1566265704  [ RunTime:0.0008s ]
NOTIC: [8] Undefined index: mid C:\Users\Administrator\Desktop\www\gc\Application\Home\Controller\HomeController.class.php 第 22 行.

[ 2019-08-20T09:48:25+08:00 ] 127.0.0.1 /index.php?m=&c=Public&a=login
INFO: [ app_init ] --START--
INFO: Run Behavior\BuildLiteBehavior [ RunTime:0.000005s ]
INFO: [ app_init ] --END-- [ RunTime:0.000197s ]
INFO: [ app_begin ] --START--
INFO: Run Behavior\ReadHtmlCacheBehavior [ RunTime:0.000229s ]
INFO: [ app_begin ] --END-- [ RunTime:0.000249s ]
SQL: SHOW COLUMNS FROM `dd_config` [ RunTime:0.0009s ]
SQL: SELECT * FROM `dd_config`  [ RunTime:0.0007s ]
SQL: SHOW COLUMNS FROM `dd_land` [ RunTime:0.0007s ]
SQL: SELECT dd_land.id land_id,dd_user_plant.* FROM `dd_land` INNER JOIN dd_user_plant on dd_land.plant_id = dd_user_plant.id  WHERE dd_land.plant_id > 0 AND dd_user_plant.life_time < 1566265704  [ RunTime:0.0007s ]
NOTIC: [8] Undefined index: mid C:\Users\Administrator\Desktop\www\gc\Application\Home\Controller\HomeController.class.php 第 22 行.
NOTIC: [2] Missing argument 2 for Common\Util\ddwechat::setParam(), called in C:\Users\Administrator\Desktop\www\gc\Application\Home\Controller\HomeController.class.php on line 285 and defined C:\Users\Administrator\Desktop\www\gc\Application\Common\Util\ddwechat.class.php 第 115 行.
INFO: [ view_parse ] --START--
INFO: [ template_filter ] --START--
INFO: Run Behavior\ContentReplaceBehavior [ RunTime:0.000139s ]
INFO: [ template_filter ] --END-- [ RunTime:0.000233s ]
NOTIC: [8] Undefined variable: param C:\Users\Administrator\Desktop\www\gc\Application\Runtime\Cache\Home\ddaf032eeb3f0e441c9409c65fc90ee1.php 第 231 行.
NOTIC: [8] Undefined variable: param C:\Users\Administrator\Desktop\www\gc\Application\Runtime\Cache\Home\ddaf032eeb3f0e441c9409c65fc90ee1.php 第 234 行.
NOTIC: [8] Undefined variable: param C:\Users\Administrator\Desktop\www\gc\Application\Runtime\Cache\Home\ddaf032eeb3f0e441c9409c65fc90ee1.php 第 237 行.
NOTIC: [8] Undefined variable: param C:\Users\Administrator\Desktop\www\gc\Application\Runtime\Cache\Home\ddaf032eeb3f0e441c9409c65fc90ee1.php 第 240 行.
NOTIC: [8] Undefined variable: param C:\Users\Administrator\Desktop\www\gc\Application\Runtime\Cache\Home\ddaf032eeb3f0e441c9409c65fc90ee1.php 第 246 行.
INFO: Run Behavior\ParseTemplateBehavior [ RunTime:0.030929s ]
INFO: [ view_parse ] --END-- [ RunTime:0.031029s ]
INFO: [ view_filter ] --START--
INFO: Run Behavior\WriteHtmlCacheBehavior [ RunTime:0.000770s ]
INFO: [ view_filter ] --END-- [ RunTime:0.000843s ]
INFO: [ app_end ] --START--
INFO: Run Behavior\ShowPageTraceBehavior [ RunTime:0.001537s ]
INFO: [ app_end ] --END-- [ RunTime:0.001649s ]

[ 2019-08-20T09:48:41+08:00 ] 127.0.0.1 /index.php?m=&c=Public&a=login
INFO: [ app_init ] --START--
INFO: Run Behavior\BuildLiteBehavior [ RunTime:0.000013s ]
INFO: [ app_init ] --END-- [ RunTime:0.000482s ]
INFO: [ app_begin ] --START--
INFO: Run Behavior\ReadHtmlCacheBehavior [ RunTime:0.000342s ]
INFO: [ app_begin ] --END-- [ RunTime:0.000375s ]
SQL: SHOW COLUMNS FROM `dd_config` [ RunTime:0.0010s ]
SQL: SELECT * FROM `dd_config`  [ RunTime:0.0007s ]
SQL: SHOW COLUMNS FROM `dd_land` [ RunTime:0.0007s ]
SQL: SELECT dd_land.id land_id,dd_user_plant.* FROM `dd_land` INNER JOIN dd_user_plant on dd_land.plant_id = dd_user_plant.id  WHERE dd_land.plant_id > 0 AND dd_user_plant.life_time < 1566265721  [ RunTime:0.0009s ]
NOTIC: [8] Undefined index: mid C:\Users\Administrator\Desktop\www\gc\Application\Home\Controller\HomeController.class.php 第 22 行.
NOTIC: [2] Missing argument 2 for Common\Util\ddwechat::setParam(), called in C:\Users\Administrator\Desktop\www\gc\Application\Home\Controller\HomeController.class.php on line 285 and defined C:\Users\Administrator\Desktop\www\gc\Application\Common\Util\ddwechat.class.php 第 115 行.
SQL: SHOW COLUMNS FROM `dd_user` [ RunTime:0.0012s ]
SQL: SELECT * FROM `dd_user` WHERE `login_name` = '18576604304' AND `login_pass` = '705ff60af3e97b6ceb0a879255a840f5' LIMIT 1   [ RunTime:0.0011s ]

[ 2019-08-20T09:48:50+08:00 ] 127.0.0.1 /index.php?m=&c=Public&a=login
INFO: [ app_init ] --START--
INFO: Run Behavior\BuildLiteBehavior [ RunTime:0.000007s ]
INFO: [ app_init ] --END-- [ RunTime:0.000271s ]
INFO: [ app_begin ] --START--
INFO: Run Behavior\ReadHtmlCacheBehavior [ RunTime:0.000299s ]
INFO: [ app_begin ] --END-- [ RunTime:0.000321s ]
SQL: SHOW COLUMNS FROM `dd_config` [ RunTime:0.0007s ]
SQL: SELECT * FROM `dd_config`  [ RunTime:0.0007s ]
SQL: SHOW COLUMNS FROM `dd_land` [ RunTime:0.0008s ]
SQL: SELECT dd_land.id land_id,dd_user_plant.* FROM `dd_land` INNER JOIN dd_user_plant on dd_land.plant_id = dd_user_plant.id  WHERE dd_land.plant_id > 0 AND dd_user_plant.life_time < 1566265729  [ RunTime:0.0008s ]
NOTIC: [8] Undefined index: mid C:\Users\Administrator\Desktop\www\gc\Application\Home\Controller\HomeController.class.php 第 22 行.
NOTIC: [2] Missing argument 2 for Common\Util\ddwechat::setParam(), called in C:\Users\Administrator\Desktop\www\gc\Application\Home\Controller\HomeController.class.php on line 285 and defined C:\Users\Administrator\Desktop\www\gc\Application\Common\Util\ddwechat.class.php 第 115 行.
SQL: SHOW COLUMNS FROM `dd_user` [ RunTime:0.0015s ]
SQL: SELECT * FROM `dd_user` WHERE `login_name` = '18576604304' AND `login_pass` = '40967e54ba282fa9d2e6d3dc28769abd' LIMIT 1   [ RunTime:0.0012s ]

[ 2019-08-20T09:48:51+08:00 ] 127.0.0.1 /index.php?m=&c=Index&a=index
INFO: [ app_init ] --START--
INFO: Run Behavior\BuildLiteBehavior [ RunTime:0.000013s ]
INFO: [ app_init ] --END-- [ RunTime:0.000511s ]
INFO: [ app_begin ] --START--
INFO: Run Behavior\ReadHtmlCacheBehavior [ RunTime:0.000600s ]
INFO: [ app_begin ] --END-- [ RunTime:0.000668s ]
SQL: SHOW COLUMNS FROM `dd_config` [ RunTime:0.0009s ]
SQL: SELECT * FROM `dd_config`  [ RunTime:0.0008s ]
SQL: SHOW COLUMNS FROM `dd_land` [ RunTime:0.0007s ]
SQL: SELECT dd_land.id land_id,dd_user_plant.* FROM `dd_land` INNER JOIN dd_user_plant on dd_land.plant_id = dd_user_plant.id  WHERE dd_land.plant_id > 0 AND dd_user_plant.life_time < 1566265731  [ RunTime:0.0007s ]
NOTIC: [8] Undefined index: mid C:\Users\Administrator\Desktop\www\gc\Application\Home\Controller\HomeController.class.php 第 22 行.
SQL: SHOW COLUMNS FROM `dd_user` [ RunTime:0.0017s ]
SQL: SELECT * FROM `dd_user` WHERE `id` = 38 LIMIT 1   [ RunTime:0.0013s ]
NOTIC: [2] Missing argument 2 for Common\Util\ddwechat::setParam(), called in C:\Users\Administrator\Desktop\www\gc\Application\Home\Controller\HomeController.class.php on line 285 and defined C:\Users\Administrator\Desktop\www\gc\Application\Common\Util\ddwechat.class.php 第 115 行.
SQL: SHOW COLUMNS FROM `dd_kailog` [ RunTime:0.0012s ]
SQL: SELECT * FROM `dd_kailog` WHERE `status` = 1 AND `endtime` < 1566265727  [ RunTime:0.0011s ]
SQL: SELECT * FROM `dd_kailog` WHERE `status` = 1 ORDER BY id desc LIMIT 1   [ RunTime:0.0009s ]
SQL: SELECT * FROM `dd_kailog` WHERE `status` = 2 ORDER BY id desc LIMIT 1   [ RunTime:0.0009s ]
SQL: SHOW COLUMNS FROM `dd_buylog` [ RunTime:0.0009s ]
SQL: SELECT * FROM `dd_buylog` WHERE `uid` = 38 AND `kid` = 2289 LIMIT 1   [ RunTime:0.0008s ]
INFO: [ view_parse ] --START--
INFO: [ template_filter ] --START--
INFO: Run Behavior\ContentReplaceBehavior [ RunTime:0.000244s ]
INFO: [ template_filter ] --END-- [ RunTime:0.000309s ]
NOTIC: [8] Undefined variable: param C:\Users\Administrator\Desktop\www\gc\Application\Runtime\Cache\Home\2a94b8bda04ff446dcedd42276fc99ee.php 第 492 行.
NOTIC: [8] Undefined variable: param C:\Users\Administrator\Desktop\www\gc\Application\Runtime\Cache\Home\2a94b8bda04ff446dcedd42276fc99ee.php 第 495 行.
NOTIC: [8] Undefined variable: param C:\Users\Administrator\Desktop\www\gc\Application\Runtime\Cache\Home\2a94b8bda04ff446dcedd42276fc99ee.php 第 498 行.
NOTIC: [8] Undefined variable: param C:\Users\Administrator\Desktop\www\gc\Application\Runtime\Cache\Home\2a94b8bda04ff446dcedd42276fc99ee.php 第 501 行.
NOTIC: [8] Undefined variable: param C:\Users\Administrator\Desktop\www\gc\Application\Runtime\Cache\Home\2a94b8bda04ff446dcedd42276fc99ee.php 第 507 行.
INFO: Run Behavior\ParseTemplateBehavior [ RunTime:0.018978s ]
INFO: [ view_parse ] --END-- [ RunTime:0.019037s ]
INFO: [ view_filter ] --START--
INFO: Run Behavior\WriteHtmlCacheBehavior [ RunTime:0.000543s ]
INFO: [ view_filter ] --END-- [ RunTime:0.000590s ]
INFO: [ app_end ] --START--
INFO: Run Behavior\ShowPageTraceBehavior [ RunTime:0.000948s ]
INFO: [ app_end ] --END-- [ RunTime:0.001002s ]

[ 2019-08-20T09:48:53+08:00 ] 127.0.0.1 /index.php?m=&c=Index&a=kai&id=2289
INFO: [ app_init ] --START--
INFO: Run Behavior\BuildLiteBehavior [ RunTime:0.000014s ]
INFO: [ app_init ] --END-- [ RunTime:0.000530s ]
INFO: [ app_begin ] --START--
INFO: Run Behavior\ReadHtmlCacheBehavior [ RunTime:0.000914s ]
INFO: [ app_begin ] --END-- [ RunTime:0.001014s ]
SQL: SHOW COLUMNS FROM `dd_config` [ RunTime:0.0007s ]
SQL: SELECT * FROM `dd_config`  [ RunTime:0.0008s ]
SQL: SHOW COLUMNS FROM `dd_land` [ RunTime:0.0007s ]
SQL: SELECT dd_land.id land_id,dd_user_plant.* FROM `dd_land` INNER JOIN dd_user_plant on dd_land.plant_id = dd_user_plant.id  WHERE dd_land.plant_id > 0 AND dd_user_plant.life_time < 1566265733  [ RunTime:0.0008s ]
NOTIC: [8] Undefined index: mid C:\Users\Administrator\Desktop\www\gc\Application\Home\Controller\HomeController.class.php 第 22 行.
SQL: SHOW COLUMNS FROM `dd_user` [ RunTime:0.0008s ]
SQL: SELECT * FROM `dd_user` WHERE `id` = 38 LIMIT 1   [ RunTime:0.0010s ]
NOTIC: [2] Missing argument 2 for Common\Util\ddwechat::setParam(), called in C:\Users\Administrator\Desktop\www\gc\Application\Home\Controller\HomeController.class.php on line 285 and defined C:\Users\Administrator\Desktop\www\gc\Application\Common\Util\ddwechat.class.php 第 115 行.
SQL: SHOW COLUMNS FROM `dd_kailog` [ RunTime:0.0009s ]
SQL: SELECT * FROM `dd_kailog` WHERE `status` = 1 AND `endtime` < 1566265729  [ RunTime:0.0008s ]
SQL: UPDATE `dd_kailog` SET `status`='2',`isid`='5',`cainum`='751',`zhongnum`='502' WHERE `id` = 2289 [ RunTime:0.0015s ]
SQL: SHOW COLUMNS FROM `dd_buylog` [ RunTime:0.0007s ]
SQL: SELECT * FROM `dd_buylog` WHERE `kid` = 2289 AND `status` = 1  [ RunTime:0.0006s ]
SQL: SELECT * FROM `dd_kailog` WHERE `status` = 2 AND `id` = 2289 ORDER BY id desc LIMIT 1   [ RunTime:0.0005s ]
SQL: SELECT * FROM `dd_buylog` WHERE `status` = 2 AND `kid` = 2289 AND `uid` = 38 ORDER BY yingmoney desc LIMIT 1   [ RunTime:0.0005s ]
INFO: [ app_end ] --START--
INFO: Run Behavior\ShowPageTraceBehavior [ RunTime:0.000557s ]
INFO: [ app_end ] --END-- [ RunTime:0.000595s ]

[ 2019-08-20T09:48:55+08:00 ] 127.0.0.1 /index.php?m=&c=Index&a=ucenter
INFO: [ app_init ] --START--
INFO: Run Behavior\BuildLiteBehavior [ RunTime:0.000015s ]
INFO: [ app_init ] --END-- [ RunTime:0.000423s ]
INFO: [ app_begin ] --START--
INFO: Run Behavior\ReadHtmlCacheBehavior [ RunTime:0.000301s ]
INFO: [ app_begin ] --END-- [ RunTime:0.000333s ]
SQL: SHOW COLUMNS FROM `dd_config` [ RunTime:0.0009s ]
SQL: SELECT * FROM `dd_config`  [ RunTime:0.0008s ]
SQL: SHOW COLUMNS FROM `dd_land` [ RunTime:0.0009s ]
SQL: SELECT dd_land.id land_id,dd_user_plant.* FROM `dd_land` INNER JOIN dd_user_plant on dd_land.plant_id = dd_user_plant.id  WHERE dd_land.plant_id > 0 AND dd_user_plant.life_time < 1566265735  [ RunTime:0.0006s ]
NOTIC: [8] Undefined index: mid C:\Users\Administrator\Desktop\www\gc\Application\Home\Controller\HomeController.class.php 第 22 行.
SQL: SHOW COLUMNS FROM `dd_user` [ RunTime:0.0008s ]
SQL: SELECT * FROM `dd_user` WHERE `id` = 38 LIMIT 1   [ RunTime:0.0008s ]
NOTIC: [2] Missing argument 2 for Common\Util\ddwechat::setParam(), called in C:\Users\Administrator\Desktop\www\gc\Application\Home\Controller\HomeController.class.php on line 285 and defined C:\Users\Administrator\Desktop\www\gc\Application\Common\Util\ddwechat.class.php 第 115 行.
INFO: [ view_parse ] --START--
INFO: [ template_filter ] --START--
INFO: Run Behavior\ContentReplaceBehavior [ RunTime:0.000449s ]
INFO: [ template_filter ] --END-- [ RunTime:0.000613s ]
NOTIC: [8] Undefined index: fanli C:\Users\Administrator\Desktop\www\gc\Application\Runtime\Cache\Home\9d3ba788dbc807d82a5aae9931cea485.php 第 289 行.
NOTIC: [8] Undefined index: pickup C:\Users\Administrator\Desktop\www\gc\Application\Runtime\Cache\Home\9d3ba788dbc807d82a5aae9931cea485.php 第 314 行.
NOTIC: [8] Undefined index: reward_lazy C:\Users\Administrator\Desktop\www\gc\Application\Runtime\Cache\Home\9d3ba788dbc807d82a5aae9931cea485.php 第 326 行.
NOTIC: [8] Undefined variable: param C:\Users\Administrator\Desktop\www\gc\Application\Runtime\Cache\Home\9d3ba788dbc807d82a5aae9931cea485.php 第 725 行.
NOTIC: [8] Undefined variable: param C:\Users\Administrator\Desktop\www\gc\Application\Runtime\Cache\Home\9d3ba788dbc807d82a5aae9931cea485.php 第 728 行.
NOTIC: [8] Undefined variable: param C:\Users\Administrator\Desktop\www\gc\Application\Runtime\Cache\Home\9d3ba788dbc807d82a5aae9931cea485.php 第 731 行.
NOTIC: [8] Undefined variable: param C:\Users\Administrator\Desktop\www\gc\Application\Runtime\Cache\Home\9d3ba788dbc807d82a5aae9931cea485.php 第 734 行.
NOTIC: [8] Undefined variable: param C:\Users\Administrator\Desktop\www\gc\Application\Runtime\Cache\Home\9d3ba788dbc807d82a5aae9931cea485.php 第 740 行.
INFO: Run Behavior\ParseTemplateBehavior [ RunTime:0.024880s ]
INFO: [ view_parse ] --END-- [ RunTime:0.024978s ]
INFO: [ view_filter ] --START--
INFO: Run Behavior\WriteHtmlCacheBehavior [ RunTime:0.000688s ]
INFO: [ view_filter ] --END-- [ RunTime:0.000760s ]
INFO: [ app_end ] --START--
INFO: Run Behavior\ShowPageTraceBehavior [ RunTime:0.001321s ]
INFO: [ app_end ] --END-- [ RunTime:0.001431s ]

[ 2019-08-20T09:49:18+08:00 ] 127.0.0.1 /index.php?m=&c=Index&a=lishi
INFO: [ app_init ] --START--
INFO: Run Behavior\BuildLiteBehavior [ RunTime:0.000006s ]
INFO: [ app_init ] --END-- [ RunTime:0.000264s ]
INFO: [ app_begin ] --START--
INFO: Run Behavior\ReadHtmlCacheBehavior [ RunTime:0.000369s ]
INFO: [ app_begin ] --END-- [ RunTime:0.000398s ]
SQL: SHOW COLUMNS FROM `dd_config` [ RunTime:0.0010s ]
SQL: SELECT * FROM `dd_config`  [ RunTime:0.0007s ]
SQL: SHOW COLUMNS FROM `dd_land` [ RunTime:0.0015s ]
SQL: SELECT dd_land.id land_id,dd_user_plant.* FROM `dd_land` INNER JOIN dd_user_plant on dd_land.plant_id = dd_user_plant.id  WHERE dd_land.plant_id > 0 AND dd_user_plant.life_time < 1566265757  [ RunTime:0.0013s ]
NOTIC: [8] Undefined index: mid C:\Users\Administrator\Desktop\www\gc\Application\Home\Controller\HomeController.class.php 第 22 行.
SQL: SHOW COLUMNS FROM `dd_user` [ RunTime:0.0012s ]
SQL: SELECT * FROM `dd_user` WHERE `id` = 38 LIMIT 1   [ RunTime:0.0008s ]
NOTIC: [2] Missing argument 2 for Common\Util\ddwechat::setParam(), called in C:\Users\Administrator\Desktop\www\gc\Application\Home\Controller\HomeController.class.php on line 285 and defined C:\Users\Administrator\Desktop\www\gc\Application\Common\Util\ddwechat.class.php 第 115 行.
SQL: SHOW COLUMNS FROM `dd_kailog` [ RunTime:0.0014s ]
SQL: SELECT COUNT(*) AS tp_count FROM `dd_kailog` WHERE `status` = 2 LIMIT 1   [ RunTime:0.0010s ]
SQL: SELECT * FROM `dd_kailog` WHERE `status` = 2 ORDER BY id desc LIMIT 0,15   [ RunTime:0.0014s ]
INFO: [ view_parse ] --START--
INFO: [ template_filter ] --START--
INFO: Run Behavior\ContentReplaceBehavior [ RunTime:0.000099s ]
INFO: [ template_filter ] --END-- [ RunTime:0.000199s ]
INFO: Run Behavior\ParseTemplateBehavior [ RunTime:0.015657s ]
INFO: [ view_parse ] --END-- [ RunTime:0.015770s ]
INFO: [ view_filter ] --START--
INFO: Run Behavior\WriteHtmlCacheBehavior [ RunTime:0.000625s ]
INFO: [ view_filter ] --END-- [ RunTime:0.000701s ]
INFO: [ app_end ] --START--
INFO: Run Behavior\ShowPageTraceBehavior [ RunTime:0.001149s ]
INFO: [ app_end ] --END-- [ RunTime:0.001228s ]

[ 2019-08-20T09:49:21+08:00 ] 127.0.0.1 /
INFO: [ app_init ] --START--
INFO: Run Behavior\BuildLiteBehavior [ RunTime:0.000009s ]
INFO: [ app_init ] --END-- [ RunTime:0.000597s ]
INFO: [ app_begin ] --START--
INFO: Run Behavior\ReadHtmlCacheBehavior [ RunTime:0.000255s ]
INFO: [ app_begin ] --END-- [ RunTime:0.000277s ]
SQL: SHOW COLUMNS FROM `dd_config` [ RunTime:0.0008s ]
SQL: SELECT * FROM `dd_config`  [ RunTime:0.0007s ]
SQL: SHOW COLUMNS FROM `dd_land` [ RunTime:0.0008s ]
SQL: SELECT dd_land.id land_id,dd_user_plant.* FROM `dd_land` INNER JOIN dd_user_plant on dd_land.plant_id = dd_user_plant.id  WHERE dd_land.plant_id > 0 AND dd_user_plant.life_time < 1566265760  [ RunTime:0.0007s ]
NOTIC: [8] Undefined index: mid C:\Users\Administrator\Desktop\www\gc\Application\Home\Controller\HomeController.class.php 第 22 行.
SQL: SHOW COLUMNS FROM `dd_user` [ RunTime:0.0007s ]
SQL: SELECT * FROM `dd_user` WHERE `id` = 38 LIMIT 1   [ RunTime:0.0007s ]
NOTIC: [2] Missing argument 2 for Common\Util\ddwechat::setParam(), called in C:\Users\Administrator\Desktop\www\gc\Application\Home\Controller\HomeController.class.php on line 285 and defined C:\Users\Administrator\Desktop\www\gc\Application\Common\Util\ddwechat.class.php 第 115 行.
SQL: SHOW COLUMNS FROM `dd_kailog` [ RunTime:0.0009s ]
SQL: SELECT * FROM `dd_kailog` WHERE `status` = 1 AND `endtime` < 1566265757  [ RunTime:0.0007s ]
SQL: SELECT * FROM `dd_kailog` WHERE `status` = 1 ORDER BY id desc LIMIT 1   [ RunTime:0.0007s ]
SQL: SELECT * FROM `dd_kailog` WHERE `status` = 2 ORDER BY id desc LIMIT 1   [ RunTime:0.0007s ]
SQL: INSERT INTO `dd_kailog` (`starttime`,`endtime`,`status`) VALUES ('1566265761','1566265791','1') [ RunTime:0.0013s ]
SQL: SELECT * FROM `dd_kailog` WHERE `status` = 1 ORDER BY id desc LIMIT 1   [ RunTime:0.0006s ]
SQL: SHOW COLUMNS FROM `dd_buylog` [ RunTime:0.0006s ]
SQL: SELECT * FROM `dd_buylog` WHERE `uid` = 38 AND `kid` = 2290 LIMIT 1   [ RunTime:0.0006s ]
INFO: [ view_parse ] --START--
INFO: [ template_filter ] --START--
INFO: Run Behavior\ContentReplaceBehavior [ RunTime:0.000088s ]
INFO: [ template_filter ] --END-- [ RunTime:0.000112s ]
NOTIC: [8] Undefined variable: param C:\Users\Administrator\Desktop\www\gc\Application\Runtime\Cache\Home\2a94b8bda04ff446dcedd42276fc99ee.php 第 492 行.
NOTIC: [8] Undefined variable: param C:\Users\Administrator\Desktop\www\gc\Application\Runtime\Cache\Home\2a94b8bda04ff446dcedd42276fc99ee.php 第 495 行.
NOTIC: [8] Undefined variable: param C:\Users\Administrator\Desktop\www\gc\Application\Runtime\Cache\Home\2a94b8bda04ff446dcedd42276fc99ee.php 第 498 行.
NOTIC: [8] Undefined variable: param C:\Users\Administrator\Desktop\www\gc\Application\Runtime\Cache\Home\2a94b8bda04ff446dcedd42276fc99ee.php 第 501 行.
NOTIC: [8] Undefined variable: param C:\Users\Administrator\Desktop\www\gc\Application\Runtime\Cache\Home\2a94b8bda04ff446dcedd42276fc99ee.php 第 507 行.
INFO: Run Behavior\ParseTemplateBehavior [ RunTime:0.005444s ]
INFO: [ view_parse ] --END-- [ RunTime:0.005504s ]
INFO: [ view_filter ] --START--
INFO: Run Behavior\WriteHtmlCacheBehavior [ RunTime:0.000671s ]
INFO: [ view_filter ] --END-- [ RunTime:0.000746s ]
INFO: [ app_end ] --START--
INFO: Run Behavior\ShowPageTraceBehavior [ RunTime:0.001551s ]
INFO: [ app_end ] --END-- [ RunTime:0.001682s ]

[ 2019-08-20T09:49:22+08:00 ] 127.0.0.1 /index.php?m=&c=Index&a=usercode
INFO: [ app_init ] --START--
INFO: Run Behavior\BuildLiteBehavior [ RunTime:0.000006s ]
INFO: [ app_init ] --END-- [ RunTime:0.000191s ]
INFO: [ app_begin ] --START--
INFO: Run Behavior\ReadHtmlCacheBehavior [ RunTime:0.000357s ]
INFO: [ app_begin ] --END-- [ RunTime:0.000386s ]
SQL: SHOW COLUMNS FROM `dd_config` [ RunTime:0.0008s ]
SQL: SELECT * FROM `dd_config`  [ RunTime:0.0007s ]
SQL: SHOW COLUMNS FROM `dd_land` [ RunTime:0.0008s ]
SQL: SELECT dd_land.id land_id,dd_user_plant.* FROM `dd_land` INNER JOIN dd_user_plant on dd_land.plant_id = dd_user_plant.id  WHERE dd_land.plant_id > 0 AND dd_user_plant.life_time < 1566265761  [ RunTime:0.0007s ]
NOTIC: [8] Undefined index: mid C:\Users\Administrator\Desktop\www\gc\Application\Home\Controller\HomeController.class.php 第 22 行.
SQL: SHOW COLUMNS FROM `dd_user` [ RunTime:0.0008s ]
SQL: SELECT * FROM `dd_user` WHERE `id` = 38 LIMIT 1   [ RunTime:0.0009s ]
NOTIC: [2] Missing argument 2 for Common\Util\ddwechat::setParam(), called in C:\Users\Administrator\Desktop\www\gc\Application\Home\Controller\HomeController.class.php on line 285 and defined C:\Users\Administrator\Desktop\www\gc\Application\Common\Util\ddwechat.class.php 第 115 行.
INFO: [ view_parse ] --START--
INFO: [ template_filter ] --START--
INFO: Run Behavior\ContentReplaceBehavior [ RunTime:0.000038s ]
INFO: [ template_filter ] --END-- [ RunTime:0.000101s ]
INFO: Run Behavior\ParseTemplateBehavior [ RunTime:0.008473s ]
INFO: [ view_parse ] --END-- [ RunTime:0.008570s ]
INFO: [ view_filter ] --START--
INFO: Run Behavior\WriteHtmlCacheBehavior [ RunTime:0.000629s ]
INFO: [ view_filter ] --END-- [ RunTime:0.000703s ]
INFO: [ app_end ] --START--
INFO: Run Behavior\ShowPageTraceBehavior [ RunTime:0.001143s ]
INFO: [ app_end ] --END-- [ RunTime:0.001222s ]

[ 2019-08-20T09:49:26+08:00 ] 127.0.0.1 /index.php?m=&c=Index&a=ucenter
INFO: [ app_init ] --START--
INFO: Run Behavior\BuildLiteBehavior [ RunTime:0.000006s ]
INFO: [ app_init ] --END-- [ RunTime:0.000209s ]
INFO: [ app_begin ] --START--
INFO: Run Behavior\ReadHtmlCacheBehavior [ RunTime:0.000258s ]
INFO: [ app_begin ] --END-- [ RunTime:0.000279s ]
SQL: SHOW COLUMNS FROM `dd_config` [ RunTime:0.0007s ]
SQL: SELECT * FROM `dd_config`  [ RunTime:0.0007s ]
SQL: SHOW COLUMNS FROM `dd_land` [ RunTime:0.0007s ]
SQL: SELECT dd_land.id land_id,dd_user_plant.* FROM `dd_land` INNER JOIN dd_user_plant on dd_land.plant_id = dd_user_plant.id  WHERE dd_land.plant_id > 0 AND dd_user_plant.life_time < 1566265766  [ RunTime:0.0007s ]
NOTIC: [8] Undefined index: mid C:\Users\Administrator\Desktop\www\gc\Application\Home\Controller\HomeController.class.php 第 22 行.
SQL: SHOW COLUMNS FROM `dd_user` [ RunTime:0.0008s ]
SQL: SELECT * FROM `dd_user` WHERE `id` = 38 LIMIT 1   [ RunTime:0.0009s ]
NOTIC: [2] Missing argument 2 for Common\Util\ddwechat::setParam(), called in C:\Users\Administrator\Desktop\www\gc\Application\Home\Controller\HomeController.class.php on line 285 and defined C:\Users\Administrator\Desktop\www\gc\Application\Common\Util\ddwechat.class.php 第 115 行.
INFO: [ view_parse ] --START--
INFO: [ template_filter ] --START--
INFO: Run Behavior\ContentReplaceBehavior [ RunTime:0.000228s ]
INFO: [ template_filter ] --END-- [ RunTime:0.000311s ]
NOTIC: [8] Undefined index: fanli C:\Users\Administrator\Desktop\www\gc\Application\Runtime\Cache\Home\9d3ba788dbc807d82a5aae9931cea485.php 第 289 行.
NOTIC: [8] Undefined index: pickup C:\Users\Administrator\Desktop\www\gc\Application\Runtime\Cache\Home\9d3ba788dbc807d82a5aae9931cea485.php 第 314 行.
NOTIC: [8] Undefined index: reward_lazy C:\Users\Administrator\Desktop\www\gc\Application\Runtime\Cache\Home\9d3ba788dbc807d82a5aae9931cea485.php 第 326 行.
NOTIC: [8] Undefined variable: param C:\Users\Administrator\Desktop\www\gc\Application\Runtime\Cache\Home\9d3ba788dbc807d82a5aae9931cea485.php 第 725 行.
NOTIC: [8] Undefined variable: param C:\Users\Administrator\Desktop\www\gc\Application\Runtime\Cache\Home\9d3ba788dbc807d82a5aae9931cea485.php 第 728 行.
NOTIC: [8] Undefined variable: param C:\Users\Administrator\Desktop\www\gc\Application\Runtime\Cache\Home\9d3ba788dbc807d82a5aae9931cea485.php 第 731 行.
NOTIC: [8] Undefined variable: param C:\Users\Administrator\Desktop\www\gc\Application\Runtime\Cache\Home\9d3ba788dbc807d82a5aae9931cea485.php 第 734 行.
NOTIC: [8] Undefined variable: param C:\Users\Administrator\Desktop\www\gc\Application\Runtime\Cache\Home\9d3ba788dbc807d82a5aae9931cea485.php 第 740 行.
INFO: Run Behavior\ParseTemplateBehavior [ RunTime:0.017583s ]
INFO: [ view_parse ] --END-- [ RunTime:0.017658s ]
INFO: [ view_filter ] --START--
INFO: Run Behavior\WriteHtmlCacheBehavior [ RunTime:0.000565s ]
INFO: [ view_filter ] --END-- [ RunTime:0.000636s ]
INFO: [ app_end ] --START--
INFO: Run Behavior\ShowPageTraceBehavior [ RunTime:0.001013s ]
INFO: [ app_end ] --END-- [ RunTime:0.001086s ]

[ 2019-08-20T09:49:26+08:00 ] 127.0.0.1 /index.php?m=&c=Index&a=ucenter
INFO: [ app_init ] --START--
INFO: Run Behavior\BuildLiteBehavior [ RunTime:0.000024s ]
INFO: [ app_init ] --END-- [ RunTime:0.000268s ]
INFO: [ app_begin ] --START--
INFO: Run Behavior\ReadHtmlCacheBehavior [ RunTime:0.000448s ]
INFO: [ app_begin ] --END-- [ RunTime:0.000483s ]
SQL: SHOW COLUMNS FROM `dd_config` [ RunTime:0.0006s ]
SQL: SELECT * FROM `dd_config`  [ RunTime:0.0007s ]
SQL: SHOW COLUMNS FROM `dd_land` [ RunTime:0.0009s ]
SQL: SELECT dd_land.id land_id,dd_user_plant.* FROM `dd_land` INNER JOIN dd_user_plant on dd_land.plant_id = dd_user_plant.id  WHERE dd_land.plant_id > 0 AND dd_user_plant.life_time < 1566265766  [ RunTime:0.0009s ]
NOTIC: [8] Undefined index: mid C:\Users\Administrator\Desktop\www\gc\Application\Home\Controller\HomeController.class.php 第 22 行.
SQL: SHOW COLUMNS FROM `dd_user` [ RunTime:0.0008s ]
SQL: SELECT * FROM `dd_user` WHERE `id` = 38 LIMIT 1   [ RunTime:0.0009s ]
NOTIC: [2] Missing argument 2 for Common\Util\ddwechat::setParam(), called in C:\Users\Administrator\Desktop\www\gc\Application\Home\Controller\HomeController.class.php on line 285 and defined C:\Users\Administrator\Desktop\www\gc\Application\Common\Util\ddwechat.class.php 第 115 行.
INFO: [ view_parse ] --START--
INFO: [ template_filter ] --START--
INFO: Run Behavior\ContentReplaceBehavior [ RunTime:0.000192s ]
INFO: [ template_filter ] --END-- [ RunTime:0.000260s ]
NOTIC: [8] Undefined index: fanli C:\Users\Administrator\Desktop\www\gc\Application\Runtime\Cache\Home\9d3ba788dbc807d82a5aae9931cea485.php 第 289 行.
NOTIC: [8] Undefined index: pickup C:\Users\Administrator\Desktop\www\gc\Application\Runtime\Cache\Home\9d3ba788dbc807d82a5aae9931cea485.php 第 314 行.
NOTIC: [8] Undefined index: reward_lazy C:\Users\Administrator\Desktop\www\gc\Application\Runtime\Cache\Home\9d3ba788dbc807d82a5aae9931cea485.php 第 326 行.
NOTIC: [8] Undefined variable: param C:\Users\Administrator\Desktop\www\gc\Application\Runtime\Cache\Home\9d3ba788dbc807d82a5aae9931cea485.php 第 725 行.
NOTIC: [8] Undefined variable: param C:\Users\Administrator\Desktop\www\gc\Application\Runtime\Cache\Home\9d3ba788dbc807d82a5aae9931cea485.php 第 728 行.
NOTIC: [8] Undefined variable: param C:\Users\Administrator\Desktop\www\gc\Application\Runtime\Cache\Home\9d3ba788dbc807d82a5aae9931cea485.php 第 731 行.
NOTIC: [8] Undefined variable: param C:\Users\Administrator\Desktop\www\gc\Application\Runtime\Cache\Home\9d3ba788dbc807d82a5aae9931cea485.php 第 734 行.
NOTIC: [8] Undefined variable: param C:\Users\Administrator\Desktop\www\gc\Application\Runtime\Cache\Home\9d3ba788dbc807d82a5aae9931cea485.php 第 740 行.
INFO: Run Behavior\ParseTemplateBehavior [ RunTime:0.015363s ]
INFO: [ view_parse ] --END-- [ RunTime:0.015429s ]
INFO: [ view_filter ] --START--
INFO: Run Behavior\WriteHtmlCacheBehavior [ RunTime:0.000474s ]
INFO: [ view_filter ] --END-- [ RunTime:0.000525s ]
INFO: [ app_end ] --START--
INFO: Run Behavior\ShowPageTraceBehavior [ RunTime:0.000857s ]
INFO: [ app_end ] --END-- [ RunTime:0.000932s ]

[ 2019-08-20T09:50:40+08:00 ] 127.0.0.1 /index.php?m=&c=Index&a=charge
INFO: [ app_init ] --START--
INFO: Run Behavior\BuildLiteBehavior [ RunTime:0.000005s ]
INFO: [ app_init ] --END-- [ RunTime:0.000187s ]
INFO: [ app_begin ] --START--
INFO: Run Behavior\ReadHtmlCacheBehavior [ RunTime:0.000256s ]
INFO: [ app_begin ] --END-- [ RunTime:0.000277s ]
SQL: SHOW COLUMNS FROM `dd_config` [ RunTime:0.0009s ]
SQL: SELECT * FROM `dd_config`  [ RunTime:0.0006s ]
SQL: SHOW COLUMNS FROM `dd_land` [ RunTime:0.0009s ]
SQL: SELECT dd_land.id land_id,dd_user_plant.* FROM `dd_land` INNER JOIN dd_user_plant on dd_land.plant_id = dd_user_plant.id  WHERE dd_land.plant_id > 0 AND dd_user_plant.life_time < 1566265840  [ RunTime:0.0011s ]
NOTIC: [8] Undefined index: mid C:\Users\Administrator\Desktop\www\gc\Application\Home\Controller\HomeController.class.php 第 22 行.
SQL: SHOW COLUMNS FROM `dd_user` [ RunTime:0.0012s ]
SQL: SELECT * FROM `dd_user` WHERE `id` = 38 LIMIT 1   [ RunTime:0.0010s ]
NOTIC: [2] Missing argument 2 for Common\Util\ddwechat::setParam(), called in C:\Users\Administrator\Desktop\www\gc\Application\Home\Controller\HomeController.class.php on line 285 and defined C:\Users\Administrator\Desktop\www\gc\Application\Common\Util\ddwechat.class.php 第 115 行.
SQL: SHOW COLUMNS FROM `dd_charge` [ RunTime:0.0014s ]
SQL: SELECT * FROM `dd_charge` ORDER BY `create_time` DESC LIMIT 10   [ RunTime:0.0009s ]
INFO: [ view_parse ] --START--
INFO: [ template_filter ] --START--
INFO: Run Behavior\ContentReplaceBehavior [ RunTime:0.000067s ]
INFO: [ template_filter ] --END-- [ RunTime:0.000090s ]
NOTIC: [2] require_once(./shoukuanla/index.php): failed to open stream: No such file or directory C:\Users\Administrator\Desktop\www\gc\Application\Runtime\Cache\Home\2e5be7af4da7b9cea3886610377ed7ee.php 第 351 行.

[ 2019-08-20T17:43:39+08:00 ] 127.0.0.1 /
INFO: [ app_init ] --START--
INFO: Run Behavior\BuildLiteBehavior [ RunTime:0.000008s ]
INFO: [ app_init ] --END-- [ RunTime:0.000243s ]
INFO: [ app_begin ] --START--
INFO: Run Behavior\ReadHtmlCacheBehavior [ RunTime:0.000452s ]
INFO: [ app_begin ] --END-- [ RunTime:0.000477s ]

[ 2019-08-20T17:44:26+08:00 ] 127.0.0.1 /
INFO: [ app_init ] --START--
INFO: Run Behavior\BuildLiteBehavior [ RunTime:0.000009s ]
INFO: [ app_init ] --END-- [ RunTime:0.000260s ]
INFO: [ app_begin ] --START--
INFO: Run Behavior\ReadHtmlCacheBehavior [ RunTime:0.000455s ]
INFO: [ app_begin ] --END-- [ RunTime:0.000485s ]

[ 2019-08-20T17:44:48+08:00 ] 127.0.0.1 /
INFO: [ app_init ] --START--
INFO: Run Behavior\BuildLiteBehavior [ RunTime:0.000008s ]
INFO: [ app_init ] --END-- [ RunTime:0.000251s ]
INFO: [ app_begin ] --START--
INFO: Run Behavior\ReadHtmlCacheBehavior [ RunTime:0.000584s ]
INFO: [ app_begin ] --END-- [ RunTime:0.000634s ]
SQL: SHOW COLUMNS FROM `dd_config` [ RunTime:0.0010s ]
SQL: SELECT * FROM `dd_config`  [ RunTime:0.0007s ]
SQL: SHOW COLUMNS FROM `dd_land` [ RunTime:0.0007s ]
SQL: SELECT dd_land.id land_id,dd_user_plant.* FROM `dd_land` INNER JOIN dd_user_plant on dd_land.plant_id = dd_user_plant.id  WHERE dd_land.plant_id > 0 AND dd_user_plant.life_time < 1566294288  [ RunTime:0.0007s ]
NOTIC: [8] Undefined index: mid C:\Users\Administrator\Desktop\www\gc\Application\Home\Controller\HomeController.class.php 第 22 行.
SQL: SHOW COLUMNS FROM `dd_user` [ RunTime:0.0008s ]
SQL: SELECT * FROM `dd_user` WHERE `id` = 38 LIMIT 1   [ RunTime:0.0009s ]
NOTIC: [2] Missing argument 2 for Common\Util\ddwechat::setParam(), called in C:\Users\Administrator\Desktop\www\gc\Application\Home\Controller\HomeController.class.php on line 285 and defined C:\Users\Administrator\Desktop\www\gc\Application\Common\Util\ddwechat.class.php 第 115 行.
SQL: SHOW COLUMNS FROM `dd_kailog` [ RunTime:0.0012s ]
SQL: SELECT * FROM `dd_kailog` WHERE `status` = 1 AND `endtime` < 1566294284  [ RunTime:0.0012s ]
SQL: SELECT * FROM `dd_kailog` WHERE `status` = 1 ORDER BY id desc LIMIT 1   [ RunTime:0.0010s ]
SQL: SELECT * FROM `dd_kailog` WHERE `status` = 2 ORDER BY id desc LIMIT 1   [ RunTime:0.0011s ]
SQL: SHOW COLUMNS FROM `dd_buylog` [ RunTime:0.0010s ]
SQL: SELECT * FROM `dd_buylog` WHERE `uid` = 38 AND `kid` = 2290 LIMIT 1   [ RunTime:0.0009s ]
INFO: [ view_parse ] --START--
INFO: [ template_filter ] --START--
INFO: Run Behavior\ContentReplaceBehavior [ RunTime:0.000243s ]
INFO: [ template_filter ] --END-- [ RunTime:0.000304s ]
NOTIC: [8] Undefined variable: param C:\Users\Administrator\Desktop\www\gc\Application\Runtime\Cache\Home\2a94b8bda04ff446dcedd42276fc99ee.php 第 492 行.
NOTIC: [8] Undefined variable: param C:\Users\Administrator\Desktop\www\gc\Application\Runtime\Cache\Home\2a94b8bda04ff446dcedd42276fc99ee.php 第 495 行.
NOTIC: [8] Undefined variable: param C:\Users\Administrator\Desktop\www\gc\Application\Runtime\Cache\Home\2a94b8bda04ff446dcedd42276fc99ee.php 第 498 行.
NOTIC: [8] Undefined variable: param C:\Users\Administrator\Desktop\www\gc\Application\Runtime\Cache\Home\2a94b8bda04ff446dcedd42276fc99ee.php 第 501 行.
NOTIC: [8] Undefined variable: param C:\Users\Administrator\Desktop\www\gc\Application\Runtime\Cache\Home\2a94b8bda04ff446dcedd42276fc99ee.php 第 507 行.
INFO: Run Behavior\ParseTemplateBehavior [ RunTime:0.024242s ]
INFO: [ view_parse ] --END-- [ RunTime:0.024313s ]
INFO: [ view_filter ] --START--
INFO: Run Behavior\WriteHtmlCacheBehavior [ RunTime:0.000652s ]
INFO: [ view_filter ] --END-- [ RunTime:0.000700s ]
INFO: [ app_end ] --START--
INFO: Run Behavior\ShowPageTraceBehavior [ RunTime:0.000924s ]
INFO: [ app_end ] --END-- [ RunTime:0.000998s ]

[ 2019-08-20T17:44:51+08:00 ] 127.0.0.1 /index.php?m=&c=Index&a=kai&id=2290
INFO: [ app_init ] --START--
INFO: Run Behavior\BuildLiteBehavior [ RunTime:0.000013s ]
INFO: [ app_init ] --END-- [ RunTime:0.000536s ]
INFO: [ app_begin ] --START--
INFO: Run Behavior\ReadHtmlCacheBehavior [ RunTime:0.000706s ]
INFO: [ app_begin ] --END-- [ RunTime:0.000758s ]
SQL: SHOW COLUMNS FROM `dd_config` [ RunTime:0.0011s ]
SQL: SELECT * FROM `dd_config`  [ RunTime:0.0008s ]
SQL: SHOW COLUMNS FROM `dd_land` [ RunTime:0.0009s ]
SQL: SELECT dd_land.id land_id,dd_user_plant.* FROM `dd_land` INNER JOIN dd_user_plant on dd_land.plant_id = dd_user_plant.id  WHERE dd_land.plant_id > 0 AND dd_user_plant.life_time < 1566294290  [ RunTime:0.0009s ]
NOTIC: [8] Undefined index: mid C:\Users\Administrator\Desktop\www\gc\Application\Home\Controller\HomeController.class.php 第 22 行.
SQL: SHOW COLUMNS FROM `dd_user` [ RunTime:0.0015s ]
SQL: SELECT * FROM `dd_user` WHERE `id` = 38 LIMIT 1   [ RunTime:0.0007s ]
NOTIC: [2] Missing argument 2 for Common\Util\ddwechat::setParam(), called in C:\Users\Administrator\Desktop\www\gc\Application\Home\Controller\HomeController.class.php on line 285 and defined C:\Users\Administrator\Desktop\www\gc\Application\Common\Util\ddwechat.class.php 第 115 行.
SQL: SHOW COLUMNS FROM `dd_kailog` [ RunTime:0.0014s ]
SQL: SELECT * FROM `dd_kailog` WHERE `status` = 1 AND `endtime` < 1566294287  [ RunTime:0.0015s ]
SQL: UPDATE `dd_kailog` SET `status`='2',`isid`='4',`cainum`='964',`zhongnum`='589' WHERE `id` = 2290 [ RunTime:0.0016s ]
SQL: SHOW COLUMNS FROM `dd_buylog` [ RunTime:0.0010s ]
SQL: SELECT * FROM `dd_buylog` WHERE `kid` = 2290 AND `status` = 1  [ RunTime:0.0009s ]
SQL: SELECT * FROM `dd_kailog` WHERE `status` = 2 AND `id` = 2290 ORDER BY id desc LIMIT 1   [ RunTime:0.0010s ]
SQL: SELECT * FROM `dd_buylog` WHERE `status` = 2 AND `kid` = 2290 AND `uid` = 38 ORDER BY yingmoney desc LIMIT 1   [ RunTime:0.0009s ]
INFO: [ app_end ] --START--
INFO: Run Behavior\ShowPageTraceBehavior [ RunTime:0.001394s ]
INFO: [ app_end ] --END-- [ RunTime:0.001472s ]

[ 2019-08-20T17:44:58+08:00 ] 127.0.0.1 /
INFO: [ app_init ] --START--
INFO: Run Behavior\BuildLiteBehavior [ RunTime:0.000006s ]
INFO: [ app_init ] --END-- [ RunTime:0.000178s ]
INFO: [ app_begin ] --START--
INFO: Run Behavior\ReadHtmlCacheBehavior [ RunTime:0.000247s ]
INFO: [ app_begin ] --END-- [ RunTime:0.000269s ]
SQL: SHOW COLUMNS FROM `dd_config` [ RunTime:0.0009s ]
SQL: SELECT * FROM `dd_config`  [ RunTime:0.0007s ]
SQL: SHOW COLUMNS FROM `dd_land` [ RunTime:0.0008s ]
SQL: SELECT dd_land.id land_id,dd_user_plant.* FROM `dd_land` INNER JOIN dd_user_plant on dd_land.plant_id = dd_user_plant.id  WHERE dd_land.plant_id > 0 AND dd_user_plant.life_time < 1566294297  [ RunTime:0.0008s ]
NOTIC: [8] Undefined index: mid C:\Users\Administrator\Desktop\www\gc\Application\Home\Controller\HomeController.class.php 第 22 行.
SQL: SHOW COLUMNS FROM `dd_user` [ RunTime:0.0008s ]
SQL: SELECT * FROM `dd_user` WHERE `id` = 38 LIMIT 1   [ RunTime:0.0009s ]
NOTIC: [2] Missing argument 2 for Common\Util\ddwechat::setParam(), called in C:\Users\Administrator\Desktop\www\gc\Application\Home\Controller\HomeController.class.php on line 285 and defined C:\Users\Administrator\Desktop\www\gc\Application\Common\Util\ddwechat.class.php 第 115 行.
SQL: SHOW COLUMNS FROM `dd_kailog` [ RunTime:0.0013s ]
SQL: SELECT * FROM `dd_kailog` WHERE `status` = 1 AND `endtime` < 1566294294  [ RunTime:0.0011s ]
SQL: SELECT * FROM `dd_kailog` WHERE `status` = 1 ORDER BY id desc LIMIT 1   [ RunTime:0.0010s ]
SQL: SELECT * FROM `dd_kailog` WHERE `status` = 2 ORDER BY id desc LIMIT 1   [ RunTime:0.0010s ]
SQL: INSERT INTO `dd_kailog` (`starttime`,`endtime`,`status`) VALUES ('1566294298','1566294328','1') [ RunTime:0.0016s ]
SQL: SELECT * FROM `dd_kailog` WHERE `status` = 1 ORDER BY id desc LIMIT 1   [ RunTime:0.0011s ]
SQL: SHOW COLUMNS FROM `dd_buylog` [ RunTime:0.0010s ]
SQL: SELECT * FROM `dd_buylog` WHERE `uid` = 38 AND `kid` = 2291 LIMIT 1   [ RunTime:0.0010s ]
INFO: [ view_parse ] --START--
INFO: [ template_filter ] --START--
INFO: Run Behavior\ContentReplaceBehavior [ RunTime:0.000364s ]
INFO: [ template_filter ] --END-- [ RunTime:0.000436s ]
NOTIC: [8] Undefined variable: param C:\Users\Administrator\Desktop\www\gc\Application\Runtime\Cache\Home\2a94b8bda04ff446dcedd42276fc99ee.php 第 492 行.
NOTIC: [8] Undefined variable: param C:\Users\Administrator\Desktop\www\gc\Application\Runtime\Cache\Home\2a94b8bda04ff446dcedd42276fc99ee.php 第 495 行.
NOTIC: [8] Undefined variable: param C:\Users\Administrator\Desktop\www\gc\Application\Runtime\Cache\Home\2a94b8bda04ff446dcedd42276fc99ee.php 第 498 行.
NOTIC: [8] Undefined variable: param C:\Users\Administrator\Desktop\www\gc\Application\Runtime\Cache\Home\2a94b8bda04ff446dcedd42276fc99ee.php 第 501 行.
NOTIC: [8] Undefined variable: param C:\Users\Administrator\Desktop\www\gc\Application\Runtime\Cache\Home\2a94b8bda04ff446dcedd42276fc99ee.php 第 507 行.
INFO: Run Behavior\ParseTemplateBehavior [ RunTime:0.019826s ]
INFO: [ view_parse ] --END-- [ RunTime:0.019892s ]
INFO: [ view_filter ] --START--
INFO: Run Behavior\WriteHtmlCacheBehavior [ RunTime:0.000409s ]
INFO: [ view_filter ] --END-- [ RunTime:0.000451s ]
INFO: [ app_end ] --START--
INFO: Run Behavior\ShowPageTraceBehavior [ RunTime:0.000752s ]
INFO: [ app_end ] --END-- [ RunTime:0.000817s ]

[ 2019-08-20T17:45:02+08:00 ] 127.0.0.1 /index.php?m=&c=Index&a=ucenter
INFO: [ app_init ] --START--
INFO: Run Behavior\BuildLiteBehavior [ RunTime:0.000005s ]
INFO: [ app_init ] --END-- [ RunTime:0.000176s ]
INFO: [ app_begin ] --START--
INFO: Run Behavior\ReadHtmlCacheBehavior [ RunTime:0.000241s ]
INFO: [ app_begin ] --END-- [ RunTime:0.000262s ]
SQL: SHOW COLUMNS FROM `dd_config` [ RunTime:0.0009s ]
SQL: SELECT * FROM `dd_config`  [ RunTime:0.0007s ]
SQL: SHOW COLUMNS FROM `dd_land` [ RunTime:0.0008s ]
SQL: SELECT dd_land.id land_id,dd_user_plant.* FROM `dd_land` INNER JOIN dd_user_plant on dd_land.plant_id = dd_user_plant.id  WHERE dd_land.plant_id > 0 AND dd_user_plant.life_time < 1566294301  [ RunTime:0.0008s ]
NOTIC: [8] Undefined index: mid C:\Users\Administrator\Desktop\www\gc\Application\Home\Controller\HomeController.class.php 第 22 行.
SQL: SHOW COLUMNS FROM `dd_user` [ RunTime:0.0008s ]
SQL: SELECT * FROM `dd_user` WHERE `id` = 38 LIMIT 1   [ RunTime:0.0009s ]
NOTIC: [2] Missing argument 2 for Common\Util\ddwechat::setParam(), called in C:\Users\Administrator\Desktop\www\gc\Application\Home\Controller\HomeController.class.php on line 285 and defined C:\Users\Administrator\Desktop\www\gc\Application\Common\Util\ddwechat.class.php 第 115 行.
INFO: [ view_parse ] --START--
INFO: [ template_filter ] --START--
INFO: Run Behavior\ContentReplaceBehavior [ RunTime:0.000235s ]
INFO: [ template_filter ] --END-- [ RunTime:0.000318s ]
NOTIC: [8] Undefined index: fanli C:\Users\Administrator\Desktop\www\gc\Application\Runtime\Cache\Home\9d3ba788dbc807d82a5aae9931cea485.php 第 289 行.
NOTIC: [8] Undefined index: pickup C:\Users\Administrator\Desktop\www\gc\Application\Runtime\Cache\Home\9d3ba788dbc807d82a5aae9931cea485.php 第 314 行.
NOTIC: [8] Undefined index: reward_lazy C:\Users\Administrator\Desktop\www\gc\Application\Runtime\Cache\Home\9d3ba788dbc807d82a5aae9931cea485.php 第 326 行.
NOTIC: [8] Undefined variable: param C:\Users\Administrator\Desktop\www\gc\Application\Runtime\Cache\Home\9d3ba788dbc807d82a5aae9931cea485.php 第 725 行.
NOTIC: [8] Undefined variable: param C:\Users\Administrator\Desktop\www\gc\Application\Runtime\Cache\Home\9d3ba788dbc807d82a5aae9931cea485.php 第 728 行.
NOTIC: [8] Undefined variable: param C:\Users\Administrator\Desktop\www\gc\Application\Runtime\Cache\Home\9d3ba788dbc807d82a5aae9931cea485.php 第 731 行.
NOTIC: [8] Undefined variable: param C:\Users\Administrator\Desktop\www\gc\Application\Runtime\Cache\Home\9d3ba788dbc807d82a5aae9931cea485.php 第 734 行.
NOTIC: [8] Undefined variable: param C:\Users\Administrator\Desktop\www\gc\Application\Runtime\Cache\Home\9d3ba788dbc807d82a5aae9931cea485.php 第 740 行.
INFO: Run Behavior\ParseTemplateBehavior [ RunTime:0.016979s ]
INFO: [ view_parse ] --END-- [ RunTime:0.017042s ]
INFO: [ view_filter ] --START--
INFO: Run Behavior\WriteHtmlCacheBehavior [ RunTime:0.000380s ]
INFO: [ view_filter ] --END-- [ RunTime:0.000419s ]
INFO: [ app_end ] --START--
INFO: Run Behavior\ShowPageTraceBehavior [ RunTime:0.000737s ]
INFO: [ app_end ] --END-- [ RunTime:0.000796s ]

[ 2019-08-20T17:45:04+08:00 ] 127.0.0.1 /index.php?m=&c=Index&a=charge
INFO: [ app_init ] --START--
INFO: Run Behavior\BuildLiteBehavior [ RunTime:0.000005s ]
INFO: [ app_init ] --END-- [ RunTime:0.000190s ]
INFO: [ app_begin ] --START--
INFO: Run Behavior\ReadHtmlCacheBehavior [ RunTime:0.000235s ]
INFO: [ app_begin ] --END-- [ RunTime:0.000256s ]
SQL: SHOW COLUMNS FROM `dd_config` [ RunTime:0.0011s ]
SQL: SELECT * FROM `dd_config`  [ RunTime:0.0009s ]
SQL: SHOW COLUMNS FROM `dd_land` [ RunTime:0.0008s ]
SQL: SELECT dd_land.id land_id,dd_user_plant.* FROM `dd_land` INNER JOIN dd_user_plant on dd_land.plant_id = dd_user_plant.id  WHERE dd_land.plant_id > 0 AND dd_user_plant.life_time < 1566294304  [ RunTime:0.0007s ]
NOTIC: [8] Undefined index: mid C:\Users\Administrator\Desktop\www\gc\Application\Home\Controller\HomeController.class.php 第 22 行.
SQL: SHOW COLUMNS FROM `dd_user` [ RunTime:0.0008s ]
SQL: SELECT * FROM `dd_user` WHERE `id` = 38 LIMIT 1   [ RunTime:0.0007s ]
NOTIC: [2] Missing argument 2 for Common\Util\ddwechat::setParam(), called in C:\Users\Administrator\Desktop\www\gc\Application\Home\Controller\HomeController.class.php on line 285 and defined C:\Users\Administrator\Desktop\www\gc\Application\Common\Util\ddwechat.class.php 第 115 行.
SQL: SHOW COLUMNS FROM `dd_charge` [ RunTime:0.0010s ]
SQL: SELECT * FROM `dd_charge` ORDER BY `create_time` DESC LIMIT 10   [ RunTime:0.0008s ]
INFO: [ view_parse ] --START--
INFO: [ template_filter ] --START--
INFO: Run Behavior\ContentReplaceBehavior [ RunTime:0.000058s ]
INFO: [ template_filter ] --END-- [ RunTime:0.000077s ]
NOTIC: [8] Undefined index: m C:\Users\Administrator\Desktop\www\gc\shoukuanla\index.php 第 19 行.
NOTIC: [8] Undefined index: skl_get_version C:\Users\Administrator\Desktop\www\gc\shoukuanla\version.php 第 4 行.
NOTIC: [8] Undefined index: is_ajax C:\Users\Administrator\Desktop\www\gc\shoukuanla\common\functions\functions.php 第 100 行.

[ 2019-08-20T17:45:28+08:00 ] 127.0.0.1 /index.php?m=&c=Index&a=charge
INFO: [ app_init ] --START--
INFO: Run Behavior\BuildLiteBehavior [ RunTime:0.000004s ]
INFO: [ app_init ] --END-- [ RunTime:0.000180s ]
INFO: [ app_begin ] --START--
INFO: Run Behavior\ReadHtmlCacheBehavior [ RunTime:0.000240s ]
INFO: [ app_begin ] --END-- [ RunTime:0.000260s ]
SQL: SHOW COLUMNS FROM `dd_config` [ RunTime:0.0011s ]
SQL: SELECT * FROM `dd_config`  [ RunTime:0.0008s ]
SQL: SHOW COLUMNS FROM `dd_land` [ RunTime:0.0012s ]
SQL: SELECT dd_land.id land_id,dd_user_plant.* FROM `dd_land` INNER JOIN dd_user_plant on dd_land.plant_id = dd_user_plant.id  WHERE dd_land.plant_id > 0 AND dd_user_plant.life_time < 1566294328  [ RunTime:0.0013s ]
NOTIC: [8] Undefined index: mid C:\Users\Administrator\Desktop\www\gc\Application\Home\Controller\HomeController.class.php 第 22 行.
SQL: SHOW COLUMNS FROM `dd_user` [ RunTime:0.0015s ]
SQL: SELECT * FROM `dd_user` WHERE `id` = 38 LIMIT 1   [ RunTime:0.0011s ]
NOTIC: [2] Missing argument 2 for Common\Util\ddwechat::setParam(), called in C:\Users\Administrator\Desktop\www\gc\Application\Home\Controller\HomeController.class.php on line 285 and defined C:\Users\Administrator\Desktop\www\gc\Application\Common\Util\ddwechat.class.php 第 115 行.
SQL: SHOW COLUMNS FROM `dd_charge` [ RunTime:0.0013s ]
SQL: SELECT * FROM `dd_charge` ORDER BY `create_time` DESC LIMIT 10   [ RunTime:0.0010s ]
INFO: [ view_parse ] --START--
INFO: [ template_filter ] --START--
INFO: Run Behavior\ContentReplaceBehavior [ RunTime:0.000213s ]
INFO: [ template_filter ] --END-- [ RunTime:0.000282s ]
NOTIC: [8] Undefined index: m C:\Users\Administrator\Desktop\www\gc\shoukuanla\index.php 第 19 行.
NOTIC: [8] Undefined index: skl_get_version C:\Users\Administrator\Desktop\www\gc\shoukuanla\version.php 第 4 行.
NOTIC: [8] Undefined index: is_ajax C:\Users\Administrator\Desktop\www\gc\shoukuanla\common\functions\functions.php 第 100 行.

[ 2019-08-20T17:53:30+08:00 ] 127.0.0.1 /index.php?m=&c=Index&a=charge
INFO: [ app_init ] --START--
INFO: Run Behavior\BuildLiteBehavior [ RunTime:0.000006s ]
INFO: [ app_init ] --END-- [ RunTime:0.000248s ]
INFO: [ app_begin ] --START--
INFO: Run Behavior\ReadHtmlCacheBehavior [ RunTime:0.000297s ]
INFO: [ app_begin ] --END-- [ RunTime:0.000318s ]
SQL: SHOW COLUMNS FROM `dd_config` [ RunTime:0.0010s ]
SQL: SELECT * FROM `dd_config`  [ RunTime:0.0008s ]
SQL: SHOW COLUMNS FROM `dd_land` [ RunTime:0.0007s ]
SQL: SELECT dd_land.id land_id,dd_user_plant.* FROM `dd_land` INNER JOIN dd_user_plant on dd_land.plant_id = dd_user_plant.id  WHERE dd_land.plant_id > 0 AND dd_user_plant.life_time < 1566294810  [ RunTime:0.0009s ]
NOTIC: [8] Undefined index: mid C:\Users\Administrator\Desktop\www\gc\Application\Home\Controller\HomeController.class.php 第 22 行.
SQL: SHOW COLUMNS FROM `dd_user` [ RunTime:0.0016s ]
SQL: SELECT * FROM `dd_user` WHERE `id` = 38 LIMIT 1   [ RunTime:0.0011s ]
NOTIC: [2] Missing argument 2 for Common\Util\ddwechat::setParam(), called in C:\Users\Administrator\Desktop\www\gc\Application\Home\Controller\HomeController.class.php on line 285 and defined C:\Users\Administrator\Desktop\www\gc\Application\Common\Util\ddwechat.class.php 第 115 行.
SQL: SHOW COLUMNS FROM `dd_charge` [ RunTime:0.0013s ]
SQL: SELECT * FROM `dd_charge` ORDER BY `create_time` DESC LIMIT 10   [ RunTime:0.0011s ]
INFO: [ view_parse ] --START--
INFO: [ template_filter ] --START--
INFO: Run Behavior\ContentReplaceBehavior [ RunTime:0.000291s ]
INFO: [ template_filter ] --END-- [ RunTime:0.000395s ]
NOTIC: [8] Undefined index: m C:\Users\Administrator\Desktop\www\gc\shoukuanla\index.php 第 19 行.
NOTIC: [8] Undefined index: skl_get_version C:\Users\Administrator\Desktop\www\gc\shoukuanla\version.php 第 4 行.
NOTIC: [8] Undefined index: is_ajax C:\Users\Administrator\Desktop\www\gc\shoukuanla\common\functions\functions.php 第 100 行.

[ 2019-08-20T17:53:34+08:00 ] 127.0.0.1 /index.php?m=&c=Index&a=charge
INFO: [ app_init ] --START--
INFO: Run Behavior\BuildLiteBehavior [ RunTime:0.000005s ]
INFO: [ app_init ] --END-- [ RunTime:0.000213s ]
INFO: [ app_begin ] --START--
INFO: Run Behavior\ReadHtmlCacheBehavior [ RunTime:0.000296s ]
INFO: [ app_begin ] --END-- [ RunTime:0.000317s ]
SQL: SHOW COLUMNS FROM `dd_config` [ RunTime:0.0008s ]
SQL: SELECT * FROM `dd_config`  [ RunTime:0.0007s ]
SQL: SHOW COLUMNS FROM `dd_land` [ RunTime:0.0009s ]
SQL: SELECT dd_land.id land_id,dd_user_plant.* FROM `dd_land` INNER JOIN dd_user_plant on dd_land.plant_id = dd_user_plant.id  WHERE dd_land.plant_id > 0 AND dd_user_plant.life_time < 1566294814  [ RunTime:0.0007s ]
NOTIC: [8] Undefined index: mid C:\Users\Administrator\Desktop\www\gc\Application\Home\Controller\HomeController.class.php 第 22 行.
SQL: SHOW COLUMNS FROM `dd_user` [ RunTime:0.0008s ]
SQL: SELECT * FROM `dd_user` WHERE `id` = 38 LIMIT 1   [ RunTime:0.0009s ]
NOTIC: [2] Missing argument 2 for Common\Util\ddwechat::setParam(), called in C:\Users\Administrator\Desktop\www\gc\Application\Home\Controller\HomeController.class.php on line 285 and defined C:\Users\Administrator\Desktop\www\gc\Application\Common\Util\ddwechat.class.php 第 115 行.
SQL: SHOW COLUMNS FROM `dd_charge` [ RunTime:0.0012s ]
SQL: SELECT * FROM `dd_charge` ORDER BY `create_time` DESC LIMIT 10   [ RunTime:0.0012s ]
INFO: [ view_parse ] --START--
INFO: [ template_filter ] --START--
INFO: Run Behavior\ContentReplaceBehavior [ RunTime:0.000292s ]
INFO: [ template_filter ] --END-- [ RunTime:0.000386s ]
NOTIC: [8] Undefined index: m C:\Users\Administrator\Desktop\www\gc\shoukuanla\index.php 第 19 行.
NOTIC: [8] Undefined index: skl_get_version C:\Users\Administrator\Desktop\www\gc\shoukuanla\version.php 第 4 行.
NOTIC: [8] Undefined index: is_ajax C:\Users\Administrator\Desktop\www\gc\shoukuanla\common\functions\functions.php 第 100 行.

[ 2019-08-20T17:54:31+08:00 ] 127.0.0.1 /index.php?m=&c=Index&a=charge
INFO: [ app_init ] --START--
INFO: Run Behavior\BuildLiteBehavior [ RunTime:0.000004s ]
INFO: [ app_init ] --END-- [ RunTime:0.000216s ]
INFO: [ app_begin ] --START--
INFO: Run Behavior\ReadHtmlCacheBehavior [ RunTime:0.000287s ]
INFO: [ app_begin ] --END-- [ RunTime:0.000308s ]
SQL: SHOW COLUMNS FROM `dd_config` [ RunTime:0.0011s ]
SQL: SELECT * FROM `dd_config`  [ RunTime:0.0009s ]
SQL: SHOW COLUMNS FROM `dd_land` [ RunTime:0.0010s ]
SQL: SELECT dd_land.id land_id,dd_user_plant.* FROM `dd_land` INNER JOIN dd_user_plant on dd_land.plant_id = dd_user_plant.id  WHERE dd_land.plant_id > 0 AND dd_user_plant.life_time < 1566294871  [ RunTime:0.0010s ]
NOTIC: [8] Undefined index: mid C:\Users\Administrator\Desktop\www\gc\Application\Home\Controller\HomeController.class.php 第 22 行.
SQL: SHOW COLUMNS FROM `dd_user` [ RunTime:0.0014s ]
SQL: SELECT * FROM `dd_user` WHERE `id` = 38 LIMIT 1   [ RunTime:0.0009s ]
NOTIC: [2] Missing argument 2 for Common\Util\ddwechat::setParam(), called in C:\Users\Administrator\Desktop\www\gc\Application\Home\Controller\HomeController.class.php on line 285 and defined C:\Users\Administrator\Desktop\www\gc\Application\Common\Util\ddwechat.class.php 第 115 行.
SQL: SHOW COLUMNS FROM `dd_charge` [ RunTime:0.0011s ]
SQL: SELECT * FROM `dd_charge` ORDER BY `create_time` DESC LIMIT 10   [ RunTime:0.0009s ]
INFO: [ view_parse ] --START--
INFO: [ template_filter ] --START--
INFO: Run Behavior\ContentReplaceBehavior [ RunTime:0.000066s ]
INFO: [ template_filter ] --END-- [ RunTime:0.000085s ]
NOTIC: [8] Undefined index: m C:\Users\Administrator\Desktop\www\gc\shoukuanla\index.php 第 19 行.
NOTIC: [8] Undefined index: skl_get_version C:\Users\Administrator\Desktop\www\gc\shoukuanla\version.php 第 4 行.
NOTIC: [8] Undefined index: is_ajax C:\Users\Administrator\Desktop\www\gc\shoukuanla\common\functions\functions.php 第 100 行.

[ 2019-08-20T17:54:32+08:00 ] 127.0.0.1 /index.php?m=&c=Index&a=charge
INFO: [ app_init ] --START--
INFO: Run Behavior\BuildLiteBehavior [ RunTime:0.000005s ]
INFO: [ app_init ] --END-- [ RunTime:0.000208s ]
INFO: [ app_begin ] --START--
INFO: Run Behavior\ReadHtmlCacheBehavior [ RunTime:0.000291s ]
INFO: [ app_begin ] --END-- [ RunTime:0.000312s ]
SQL: SHOW COLUMNS FROM `dd_config` [ RunTime:0.0012s ]
SQL: SELECT * FROM `dd_config`  [ RunTime:0.0007s ]
SQL: SHOW COLUMNS FROM `dd_land` [ RunTime:0.0008s ]
SQL: SELECT dd_land.id land_id,dd_user_plant.* FROM `dd_land` INNER JOIN dd_user_plant on dd_land.plant_id = dd_user_plant.id  WHERE dd_land.plant_id > 0 AND dd_user_plant.life_time < 1566294872  [ RunTime:0.0009s ]
NOTIC: [8] Undefined index: mid C:\Users\Administrator\Desktop\www\gc\Application\Home\Controller\HomeController.class.php 第 22 行.
SQL: SHOW COLUMNS FROM `dd_user` [ RunTime:0.0014s ]
SQL: SELECT * FROM `dd_user` WHERE `id` = 38 LIMIT 1   [ RunTime:0.0009s ]
NOTIC: [2] Missing argument 2 for Common\Util\ddwechat::setParam(), called in C:\Users\Administrator\Desktop\www\gc\Application\Home\Controller\HomeController.class.php on line 285 and defined C:\Users\Administrator\Desktop\www\gc\Application\Common\Util\ddwechat.class.php 第 115 行.
SQL: SHOW COLUMNS FROM `dd_charge` [ RunTime:0.0009s ]
SQL: SELECT * FROM `dd_charge` ORDER BY `create_time` DESC LIMIT 10   [ RunTime:0.0008s ]
INFO: [ view_parse ] --START--
INFO: [ template_filter ] --START--
INFO: Run Behavior\ContentReplaceBehavior [ RunTime:0.000069s ]
INFO: [ template_filter ] --END-- [ RunTime:0.000096s ]
NOTIC: [8] Undefined index: m C:\Users\Administrator\Desktop\www\gc\shoukuanla\index.php 第 19 行.
NOTIC: [8] Undefined index: skl_get_version C:\Users\Administrator\Desktop\www\gc\shoukuanla\version.php 第 4 行.
NOTIC: [8] Undefined index: is_ajax C:\Users\Administrator\Desktop\www\gc\shoukuanla\common\functions\functions.php 第 100 行.

[ 2019-08-20T17:54:33+08:00 ] 127.0.0.1 /index.php?m=&c=Index&a=charge
INFO: [ app_init ] --START--
INFO: Run Behavior\BuildLiteBehavior [ RunTime:0.000005s ]
INFO: [ app_init ] --END-- [ RunTime:0.000285s ]
INFO: [ app_begin ] --START--
INFO: Run Behavior\ReadHtmlCacheBehavior [ RunTime:0.000333s ]
INFO: [ app_begin ] --END-- [ RunTime:0.000356s ]
SQL: SHOW COLUMNS FROM `dd_config` [ RunTime:0.0010s ]
SQL: SELECT * FROM `dd_config`  [ RunTime:0.0007s ]
SQL: SHOW COLUMNS FROM `dd_land` [ RunTime:0.0007s ]
SQL: SELECT dd_land.id land_id,dd_user_plant.* FROM `dd_land` INNER JOIN dd_user_plant on dd_land.plant_id = dd_user_plant.id  WHERE dd_land.plant_id > 0 AND dd_user_plant.life_time < 1566294872  [ RunTime:0.0007s ]
NOTIC: [8] Undefined index: mid C:\Users\Administrator\Desktop\www\gc\Application\Home\Controller\HomeController.class.php 第 22 行.
SQL: SHOW COLUMNS FROM `dd_user` [ RunTime:0.0009s ]
SQL: SELECT * FROM `dd_user` WHERE `id` = 38 LIMIT 1   [ RunTime:0.0009s ]
NOTIC: [2] Missing argument 2 for Common\Util\ddwechat::setParam(), called in C:\Users\Administrator\Desktop\www\gc\Application\Home\Controller\HomeController.class.php on line 285 and defined C:\Users\Administrator\Desktop\www\gc\Application\Common\Util\ddwechat.class.php 第 115 行.
SQL: SHOW COLUMNS FROM `dd_charge` [ RunTime:0.0010s ]
SQL: SELECT * FROM `dd_charge` ORDER BY `create_time` DESC LIMIT 10   [ RunTime:0.0008s ]
INFO: [ view_parse ] --START--
INFO: [ template_filter ] --START--
INFO: Run Behavior\ContentReplaceBehavior [ RunTime:0.000066s ]
INFO: [ template_filter ] --END-- [ RunTime:0.000088s ]
NOTIC: [8] Undefined index: m C:\Users\Administrator\Desktop\www\gc\shoukuanla\index.php 第 19 行.
NOTIC: [8] Undefined index: skl_get_version C:\Users\Administrator\Desktop\www\gc\shoukuanla\version.php 第 4 行.
NOTIC: [8] Undefined index: is_ajax C:\Users\Administrator\Desktop\www\gc\shoukuanla\common\functions\functions.php 第 100 行.

[ 2019-08-20T17:54:35+08:00 ] 127.0.0.1 /index.php?m=&c=Index&a=charge
INFO: [ app_init ] --START--
INFO: Run Behavior\BuildLiteBehavior [ RunTime:0.000005s ]
INFO: [ app_init ] --END-- [ RunTime:0.000202s ]
INFO: [ app_begin ] --START--
INFO: Run Behavior\ReadHtmlCacheBehavior [ RunTime:0.000278s ]
INFO: [ app_begin ] --END-- [ RunTime:0.000300s ]
SQL: SHOW COLUMNS FROM `dd_config` [ RunTime:0.0010s ]
SQL: SELECT * FROM `dd_config`  [ RunTime:0.0007s ]
SQL: SHOW COLUMNS FROM `dd_land` [ RunTime:0.0007s ]
SQL: SELECT dd_land.id land_id,dd_user_plant.* FROM `dd_land` INNER JOIN dd_user_plant on dd_land.plant_id = dd_user_plant.id  WHERE dd_land.plant_id > 0 AND dd_user_plant.life_time < 1566294874  [ RunTime:0.0007s ]
NOTIC: [8] Undefined index: mid C:\Users\Administrator\Desktop\www\gc\Application\Home\Controller\HomeController.class.php 第 22 行.
SQL: SHOW COLUMNS FROM `dd_user` [ RunTime:0.0009s ]
SQL: SELECT * FROM `dd_user` WHERE `id` = 38 LIMIT 1   [ RunTime:0.0010s ]
NOTIC: [2] Missing argument 2 for Common\Util\ddwechat::setParam(), called in C:\Users\Administrator\Desktop\www\gc\Application\Home\Controller\HomeController.class.php on line 285 and defined C:\Users\Administrator\Desktop\www\gc\Application\Common\Util\ddwechat.class.php 第 115 行.
SQL: SHOW COLUMNS FROM `dd_charge` [ RunTime:0.0010s ]
SQL: SELECT * FROM `dd_charge` ORDER BY `create_time` DESC LIMIT 10   [ RunTime:0.0008s ]
INFO: [ view_parse ] --START--
INFO: [ template_filter ] --START--
INFO: Run Behavior\ContentReplaceBehavior [ RunTime:0.000066s ]
INFO: [ template_filter ] --END-- [ RunTime:0.000092s ]
NOTIC: [8] Undefined index: m C:\Users\Administrator\Desktop\www\gc\shoukuanla\index.php 第 19 行.
NOTIC: [8] Undefined index: skl_get_version C:\Users\Administrator\Desktop\www\gc\shoukuanla\version.php 第 4 行.
NOTIC: [8] Undefined index: is_ajax C:\Users\Administrator\Desktop\www\gc\shoukuanla\common\functions\functions.php 第 100 行.

[ 2019-08-20T17:54:35+08:00 ] 127.0.0.1 /index.php?m=&c=Index&a=charge
INFO: [ app_init ] --START--
INFO: Run Behavior\BuildLiteBehavior [ RunTime:0.000006s ]
INFO: [ app_init ] --END-- [ RunTime:0.000295s ]
INFO: [ app_begin ] --START--
INFO: Run Behavior\ReadHtmlCacheBehavior [ RunTime:0.000418s ]
INFO: [ app_begin ] --END-- [ RunTime:0.000458s ]
SQL: SHOW COLUMNS FROM `dd_config` [ RunTime:0.0008s ]
SQL: SELECT * FROM `dd_config`  [ RunTime:0.0006s ]
SQL: SHOW COLUMNS FROM `dd_land` [ RunTime:0.0007s ]
SQL: SELECT dd_land.id land_id,dd_user_plant.* FROM `dd_land` INNER JOIN dd_user_plant on dd_land.plant_id = dd_user_plant.id  WHERE dd_land.plant_id > 0 AND dd_user_plant.life_time < 1566294875  [ RunTime:0.0008s ]
NOTIC: [8] Undefined index: mid C:\Users\Administrator\Desktop\www\gc\Application\Home\Controller\HomeController.class.php 第 22 行.
SQL: SHOW COLUMNS FROM `dd_user` [ RunTime:0.0016s ]
SQL: SELECT * FROM `dd_user` WHERE `id` = 38 LIMIT 1   [ RunTime:0.0009s ]
NOTIC: [2] Missing argument 2 for Common\Util\ddwechat::setParam(), called in C:\Users\Administrator\Desktop\www\gc\Application\Home\Controller\HomeController.class.php on line 285 and defined C:\Users\Administrator\Desktop\www\gc\Application\Common\Util\ddwechat.class.php 第 115 行.
SQL: SHOW COLUMNS FROM `dd_charge` [ RunTime:0.0010s ]
SQL: SELECT * FROM `dd_charge` ORDER BY `create_time` DESC LIMIT 10   [ RunTime:0.0011s ]
INFO: [ view_parse ] --START--
INFO: [ template_filter ] --START--
INFO: Run Behavior\ContentReplaceBehavior [ RunTime:0.000067s ]
INFO: [ template_filter ] --END-- [ RunTime:0.000091s ]
NOTIC: [8] Undefined index: m C:\Users\Administrator\Desktop\www\gc\shoukuanla\index.php 第 19 行.
NOTIC: [8] Undefined index: skl_get_version C:\Users\Administrator\Desktop\www\gc\shoukuanla\version.php 第 4 行.
NOTIC: [8] Undefined index: is_ajax C:\Users\Administrator\Desktop\www\gc\shoukuanla\common\functions\functions.php 第 100 行.

[ 2019-08-20T17:54:36+08:00 ] 127.0.0.1 /index.php?m=&c=Index&a=charge
INFO: [ app_init ] --START--
INFO: Run Behavior\BuildLiteBehavior [ RunTime:0.000005s ]
INFO: [ app_init ] --END-- [ RunTime:0.000180s ]
INFO: [ app_begin ] --START--
INFO: Run Behavior\ReadHtmlCacheBehavior [ RunTime:0.000247s ]
INFO: [ app_begin ] --END-- [ RunTime:0.000266s ]
SQL: SHOW COLUMNS FROM `dd_config` [ RunTime:0.0008s ]
SQL: SELECT * FROM `dd_config`  [ RunTime:0.0007s ]
SQL: SHOW COLUMNS FROM `dd_land` [ RunTime:0.0010s ]
SQL: SELECT dd_land.id land_id,dd_user_plant.* FROM `dd_land` INNER JOIN dd_user_plant on dd_land.plant_id = dd_user_plant.id  WHERE dd_land.plant_id > 0 AND dd_user_plant.life_time < 1566294875  [ RunTime:0.0008s ]
NOTIC: [8] Undefined index: mid C:\Users\Administrator\Desktop\www\gc\Application\Home\Controller\HomeController.class.php 第 22 行.
SQL: SHOW COLUMNS FROM `dd_user` [ RunTime:0.0008s ]
SQL: SELECT * FROM `dd_user` WHERE `id` = 38 LIMIT 1   [ RunTime:0.0010s ]
NOTIC: [2] Missing argument 2 for Common\Util\ddwechat::setParam(), called in C:\Users\Administrator\Desktop\www\gc\Application\Home\Controller\HomeController.class.php on line 285 and defined C:\Users\Administrator\Desktop\www\gc\Application\Common\Util\ddwechat.class.php 第 115 行.
SQL: SHOW COLUMNS FROM `dd_charge` [ RunTime:0.0009s ]
SQL: SELECT * FROM `dd_charge` ORDER BY `create_time` DESC LIMIT 10   [ RunTime:0.0008s ]
INFO: [ view_parse ] --START--
INFO: [ template_filter ] --START--
INFO: Run Behavior\ContentReplaceBehavior [ RunTime:0.000058s ]
INFO: [ template_filter ] --END-- [ RunTime:0.000075s ]
NOTIC: [8] Undefined index: m C:\Users\Administrator\Desktop\www\gc\shoukuanla\index.php 第 19 行.
NOTIC: [8] Undefined index: skl_get_version C:\Users\Administrator\Desktop\www\gc\shoukuanla\version.php 第 4 行.
NOTIC: [8] Undefined index: is_ajax C:\Users\Administrator\Desktop\www\gc\shoukuanla\common\functions\functions.php 第 100 行.

[ 2019-08-20T17:54:36+08:00 ] 127.0.0.1 /index.php?m=&c=Index&a=charge
INFO: [ app_init ] --START--
INFO: Run Behavior\BuildLiteBehavior [ RunTime:0.000005s ]
INFO: [ app_init ] --END-- [ RunTime:0.000186s ]
INFO: [ app_begin ] --START--
INFO: Run Behavior\ReadHtmlCacheBehavior [ RunTime:0.000305s ]
INFO: [ app_begin ] --END-- [ RunTime:0.000333s ]
SQL: SHOW COLUMNS FROM `dd_config` [ RunTime:0.0006s ]
SQL: SELECT * FROM `dd_config`  [ RunTime:0.0006s ]
SQL: SHOW COLUMNS FROM `dd_land` [ RunTime:0.0007s ]
SQL: SELECT dd_land.id land_id,dd_user_plant.* FROM `dd_land` INNER JOIN dd_user_plant on dd_land.plant_id = dd_user_plant.id  WHERE dd_land.plant_id > 0 AND dd_user_plant.life_time < 1566294876  [ RunTime:0.0008s ]
NOTIC: [8] Undefined index: mid C:\Users\Administrator\Desktop\www\gc\Application\Home\Controller\HomeController.class.php 第 22 行.
SQL: SHOW COLUMNS FROM `dd_user` [ RunTime:0.0007s ]
SQL: SELECT * FROM `dd_user` WHERE `id` = 38 LIMIT 1   [ RunTime:0.0009s ]
NOTIC: [2] Missing argument 2 for Common\Util\ddwechat::setParam(), called in C:\Users\Administrator\Desktop\www\gc\Application\Home\Controller\HomeController.class.php on line 285 and defined C:\Users\Administrator\Desktop\www\gc\Application\Common\Util\ddwechat.class.php 第 115 行.
SQL: SHOW COLUMNS FROM `dd_charge` [ RunTime:0.0011s ]
SQL: SELECT * FROM `dd_charge` ORDER BY `create_time` DESC LIMIT 10   [ RunTime:0.0010s ]
INFO: [ view_parse ] --START--
INFO: [ template_filter ] --START--
INFO: Run Behavior\ContentReplaceBehavior [ RunTime:0.000200s ]
INFO: [ template_filter ] --END-- [ RunTime:0.000265s ]
NOTIC: [8] Undefined index: m C:\Users\Administrator\Desktop\www\gc\shoukuanla\index.php 第 19 行.
NOTIC: [8] Undefined index: skl_get_version C:\Users\Administrator\Desktop\www\gc\shoukuanla\version.php 第 4 行.
NOTIC: [8] Undefined index: is_ajax C:\Users\Administrator\Desktop\www\gc\shoukuanla\common\functions\functions.php 第 100 行.

[ 2019-08-20T17:57:13+08:00 ] 127.0.0.1 /index.php?m=&c=Index&a=charge
INFO: [ app_init ] --START--
INFO: Run Behavior\BuildLiteBehavior [ RunTime:0.000005s ]
INFO: [ app_init ] --END-- [ RunTime:0.000208s ]
INFO: [ app_begin ] --START--
INFO: Run Behavior\ReadHtmlCacheBehavior [ RunTime:0.000284s ]
INFO: [ app_begin ] --END-- [ RunTime:0.000306s ]
SQL: SHOW COLUMNS FROM `dd_config` [ RunTime:0.0011s ]
SQL: SELECT * FROM `dd_config`  [ RunTime:0.0009s ]
SQL: SHOW COLUMNS FROM `dd_land` [ RunTime:0.0008s ]
SQL: SELECT dd_land.id land_id,dd_user_plant.* FROM `dd_land` INNER JOIN dd_user_plant on dd_land.plant_id = dd_user_plant.id  WHERE dd_land.plant_id > 0 AND dd_user_plant.life_time < 1566295033  [ RunTime:0.0009s ]
NOTIC: [8] Undefined index: mid C:\Users\Administrator\Desktop\www\gc\Application\Home\Controller\HomeController.class.php 第 22 行.
SQL: SHOW COLUMNS FROM `dd_user` [ RunTime:0.0013s ]
SQL: SELECT * FROM `dd_user` WHERE `id` = 38 LIMIT 1   [ RunTime:0.0009s ]
NOTIC: [2] Missing argument 2 for Common\Util\ddwechat::setParam(), called in C:\Users\Administrator\Desktop\www\gc\Application\Home\Controller\HomeController.class.php on line 285 and defined C:\Users\Administrator\Desktop\www\gc\Application\Common\Util\ddwechat.class.php 第 115 行.
SQL: SHOW COLUMNS FROM `dd_charge` [ RunTime:0.0013s ]
SQL: SELECT * FROM `dd_charge` ORDER BY `create_time` DESC LIMIT 10   [ RunTime:0.0012s ]
INFO: [ view_parse ] --START--
INFO: [ template_filter ] --START--
INFO: Run Behavior\ContentReplaceBehavior [ RunTime:0.000310s ]
INFO: [ template_filter ] --END-- [ RunTime:0.000403s ]
NOTIC: [8] Undefined index: m C:\Users\Administrator\Desktop\www\gc\shoukuanla\index.php 第 19 行.
NOTIC: [8] Undefined index: skl_get_version C:\Users\Administrator\Desktop\www\gc\shoukuanla\version.php 第 4 行.
NOTIC: [8] Undefined index: is_ajax C:\Users\Administrator\Desktop\www\gc\shoukuanla\common\functions\functions.php 第 100 行.

[ 2019-08-20T17:58:07+08:00 ] 127.0.0.1 /index.php?m=&c=Index&a=charge
INFO: [ app_init ] --START--
INFO: Run Behavior\BuildLiteBehavior [ RunTime:0.000005s ]
INFO: [ app_init ] --END-- [ RunTime:0.000220s ]
INFO: [ app_begin ] --START--
INFO: Run Behavior\ReadHtmlCacheBehavior [ RunTime:0.000286s ]
INFO: [ app_begin ] --END-- [ RunTime:0.000308s ]
SQL: SHOW COLUMNS FROM `dd_config` [ RunTime:0.0010s ]
SQL: SELECT * FROM `dd_config`  [ RunTime:0.0008s ]
SQL: SHOW COLUMNS FROM `dd_land` [ RunTime:0.0009s ]
SQL: SELECT dd_land.id land_id,dd_user_plant.* FROM `dd_land` INNER JOIN dd_user_plant on dd_land.plant_id = dd_user_plant.id  WHERE dd_land.plant_id > 0 AND dd_user_plant.life_time < 1566295087  [ RunTime:0.0007s ]
NOTIC: [8] Undefined index: mid C:\Users\Administrator\Desktop\www\gc\Application\Home\Controller\HomeController.class.php 第 22 行.
SQL: SHOW COLUMNS FROM `dd_user` [ RunTime:0.0007s ]
SQL: SELECT * FROM `dd_user` WHERE `id` = 38 LIMIT 1   [ RunTime:0.0009s ]
NOTIC: [2] Missing argument 2 for Common\Util\ddwechat::setParam(), called in C:\Users\Administrator\Desktop\www\gc\Application\Home\Controller\HomeController.class.php on line 285 and defined C:\Users\Administrator\Desktop\www\gc\Application\Common\Util\ddwechat.class.php 第 115 行.
SQL: SHOW COLUMNS FROM `dd_charge` [ RunTime:0.0011s ]
SQL: SELECT * FROM `dd_charge` ORDER BY `create_time` DESC LIMIT 10   [ RunTime:0.0011s ]

[ 2019-08-20T17:58:59+08:00 ] 127.0.0.1 /index.php?m=&c=Index&a=charge
INFO: [ app_init ] --START--
INFO: Run Behavior\BuildLiteBehavior [ RunTime:0.000005s ]
INFO: [ app_init ] --END-- [ RunTime:0.000215s ]
INFO: [ app_begin ] --START--
INFO: Run Behavior\ReadHtmlCacheBehavior [ RunTime:0.000291s ]
INFO: [ app_begin ] --END-- [ RunTime:0.000314s ]
SQL: SHOW COLUMNS FROM `dd_config` [ RunTime:0.0009s ]
SQL: SELECT * FROM `dd_config`  [ RunTime:0.0008s ]
SQL: SHOW COLUMNS FROM `dd_land` [ RunTime:0.0008s ]
SQL: SELECT dd_land.id land_id,dd_user_plant.* FROM `dd_land` INNER JOIN dd_user_plant on dd_land.plant_id = dd_user_plant.id  WHERE dd_land.plant_id > 0 AND dd_user_plant.life_time < 1566295139  [ RunTime:0.0007s ]
NOTIC: [8] Undefined index: mid C:\Users\Administrator\Desktop\www\gc\Application\Home\Controller\HomeController.class.php 第 22 行.
SQL: SHOW COLUMNS FROM `dd_user` [ RunTime:0.0015s ]
SQL: SELECT * FROM `dd_user` WHERE `id` = 38 LIMIT 1   [ RunTime:0.0010s ]
NOTIC: [2] Missing argument 2 for Common\Util\ddwechat::setParam(), called in C:\Users\Administrator\Desktop\www\gc\Application\Home\Controller\HomeController.class.php on line 285 and defined C:\Users\Administrator\Desktop\www\gc\Application\Common\Util\ddwechat.class.php 第 115 行.
SQL: SHOW COLUMNS FROM `dd_charge` [ RunTime:0.0012s ]
SQL: SELECT * FROM `dd_charge` ORDER BY `create_time` DESC LIMIT 10   [ RunTime:0.0010s ]
INFO: [ view_parse ] --START--
INFO: [ template_filter ] --START--
INFO: Run Behavior\ContentReplaceBehavior [ RunTime:0.000196s ]
INFO: [ template_filter ] --END-- [ RunTime:0.000257s ]
NOTIC: [8] Undefined index: m C:\Users\Administrator\Desktop\www\gc\shoukuanla\index.php 第 19 行.
NOTIC: [8] Undefined index: skl_get_version C:\Users\Administrator\Desktop\www\gc\shoukuanla\version.php 第 4 行.
NOTIC: [8] Undefined index: is_ajax C:\Users\Administrator\Desktop\www\gc\shoukuanla\common\functions\functions.php 第 100 行.

[ 2019-08-20T17:59:36+08:00 ] 127.0.0.1 /index.php?m=&c=Index&a=charge
INFO: [ app_init ] --START--
INFO: Run Behavior\BuildLiteBehavior [ RunTime:0.000008s ]
INFO: [ app_init ] --END-- [ RunTime:0.000223s ]
INFO: [ app_begin ] --START--
INFO: Run Behavior\ReadHtmlCacheBehavior [ RunTime:0.000234s ]
INFO: [ app_begin ] --END-- [ RunTime:0.000253s ]
SQL: SHOW COLUMNS FROM `dd_config` [ RunTime:0.0011s ]
SQL: SELECT * FROM `dd_config`  [ RunTime:0.0008s ]
SQL: SHOW COLUMNS FROM `dd_land` [ RunTime:0.0007s ]
SQL: SELECT dd_land.id land_id,dd_user_plant.* FROM `dd_land` INNER JOIN dd_user_plant on dd_land.plant_id = dd_user_plant.id  WHERE dd_land.plant_id > 0 AND dd_user_plant.life_time < 1566295176  [ RunTime:0.0007s ]
NOTIC: [8] Undefined index: mid C:\Users\Administrator\Desktop\www\gc\Application\Home\Controller\HomeController.class.php 第 22 行.
SQL: SHOW COLUMNS FROM `dd_user` [ RunTime:0.0007s ]
SQL: SELECT * FROM `dd_user` WHERE `id` = 38 LIMIT 1   [ RunTime:0.0008s ]
NOTIC: [2] Missing argument 2 for Common\Util\ddwechat::setParam(), called in C:\Users\Administrator\Desktop\www\gc\Application\Home\Controller\HomeController.class.php on line 285 and defined C:\Users\Administrator\Desktop\www\gc\Application\Common\Util\ddwechat.class.php 第 115 行.
SQL: SHOW COLUMNS FROM `dd_charge` [ RunTime:0.0010s ]
SQL: SELECT * FROM `dd_charge` ORDER BY `create_time` DESC LIMIT 10   [ RunTime:0.0009s ]
INFO: [ view_parse ] --START--
INFO: [ template_filter ] --START--
INFO: Run Behavior\ContentReplaceBehavior [ RunTime:0.000060s ]
INFO: [ template_filter ] --END-- [ RunTime:0.000081s ]

[ 2019-08-20T17:59:38+08:00 ] 127.0.0.1 /index.php?m=&c=Index&a=charge
INFO: [ app_init ] --START--
INFO: Run Behavior\BuildLiteBehavior [ RunTime:0.000005s ]
INFO: [ app_init ] --END-- [ RunTime:0.000178s ]
INFO: [ app_begin ] --START--
INFO: Run Behavior\ReadHtmlCacheBehavior [ RunTime:0.000239s ]
INFO: [ app_begin ] --END-- [ RunTime:0.000258s ]
SQL: SHOW COLUMNS FROM `dd_config` [ RunTime:0.0007s ]
SQL: SELECT * FROM `dd_config`  [ RunTime:0.0008s ]
SQL: SHOW COLUMNS FROM `dd_land` [ RunTime:0.0009s ]
SQL: SELECT dd_land.id land_id,dd_user_plant.* FROM `dd_land` INNER JOIN dd_user_plant on dd_land.plant_id = dd_user_plant.id  WHERE dd_land.plant_id > 0 AND dd_user_plant.life_time < 1566295177  [ RunTime:0.0009s ]
NOTIC: [8] Undefined index: mid C:\Users\Administrator\Desktop\www\gc\Application\Home\Controller\HomeController.class.php 第 22 行.
SQL: SHOW COLUMNS FROM `dd_user` [ RunTime:0.0010s ]
SQL: SELECT * FROM `dd_user` WHERE `id` = 38 LIMIT 1   [ RunTime:0.0008s ]
NOTIC: [2] Missing argument 2 for Common\Util\ddwechat::setParam(), called in C:\Users\Administrator\Desktop\www\gc\Application\Home\Controller\HomeController.class.php on line 285 and defined C:\Users\Administrator\Desktop\www\gc\Application\Common\Util\ddwechat.class.php 第 115 行.
SQL: SHOW COLUMNS FROM `dd_charge` [ RunTime:0.0011s ]
SQL: SELECT * FROM `dd_charge` ORDER BY `create_time` DESC LIMIT 10   [ RunTime:0.0010s ]
INFO: [ view_parse ] --START--
INFO: [ template_filter ] --START--
INFO: Run Behavior\ContentReplaceBehavior [ RunTime:0.000198s ]
INFO: [ template_filter ] --END-- [ RunTime:0.000263s ]

[ 2019-08-20T18:02:41+08:00 ] 127.0.0.1 /index.php?m=&c=Index&a=charge
INFO: [ app_init ] --START--
INFO: Run Behavior\BuildLiteBehavior [ RunTime:0.000015s ]
INFO: [ app_init ] --END-- [ RunTime:0.000502s ]
INFO: [ app_begin ] --START--
INFO: Run Behavior\ReadHtmlCacheBehavior [ RunTime:0.000439s ]
INFO: [ app_begin ] --END-- [ RunTime:0.000471s ]
SQL: SHOW COLUMNS FROM `dd_config` [ RunTime:0.0008s ]
SQL: SELECT * FROM `dd_config`  [ RunTime:0.0007s ]
SQL: SHOW COLUMNS FROM `dd_land` [ RunTime:0.0007s ]
SQL: SELECT dd_land.id land_id,dd_user_plant.* FROM `dd_land` INNER JOIN dd_user_plant on dd_land.plant_id = dd_user_plant.id  WHERE dd_land.plant_id > 0 AND dd_user_plant.life_time < 1566295360  [ RunTime:0.0008s ]
NOTIC: [8] Undefined index: mid C:\Users\Administrator\Desktop\www\gc\Application\Home\Controller\HomeController.class.php 第 22 行.
SQL: SHOW COLUMNS FROM `dd_user` [ RunTime:0.0007s ]
SQL: SELECT * FROM `dd_user` WHERE `id` = 38 LIMIT 1   [ RunTime:0.0009s ]
NOTIC: [2] Missing argument 2 for Common\Util\ddwechat::setParam(), called in C:\Users\Administrator\Desktop\www\gc\Application\Home\Controller\HomeController.class.php on line 285 and defined C:\Users\Administrator\Desktop\www\gc\Application\Common\Util\ddwechat.class.php 第 115 行.
NOTIC: [8] Undefined index: m C:\Users\Administrator\Desktop\www\gc\shoukuanla\index.php 第 19 行.
NOTIC: [8] Undefined index: skl_get_version C:\Users\Administrator\Desktop\www\gc\shoukuanla\version.php 第 4 行.
NOTIC: [8] Undefined index: is_ajax C:\Users\Administrator\Desktop\www\gc\shoukuanla\common\functions\functions.php 第 100 行.

